<?xml version="1.0" encoding="UTF-8"?>
<coverage generated="1654560821563" clover="3.2.0">
  <project timestamp="1654560821563" name="All files">
    <metrics statements="432" coveredstatements="417" conditionals="62" coveredconditionals="51" methods="76" coveredmethods="68" elements="570" coveredelements="536" complexity="0" loc="432" ncloc="432" packages="25" files="63" classes="63"/>
    <package name="src">
      <metrics statements="17" coveredstatements="16" conditionals="0" coveredconditionals="0" methods="3" coveredmethods="2"/>
      <file name="app.ts" path="/home/crystopher/Documents/Projetos/drivent/driventAPI/src/app.ts">
        <metrics statements="17" coveredstatements="16" conditionals="0" coveredconditionals="0" methods="3" coveredmethods="2"/>
        <line num="1" count="10" type="stmt"/>
        <line num="2" count="10" type="stmt"/>
        <line num="3" count="10" type="stmt"/>
        <line num="4" count="10" type="stmt"/>
        <line num="6" count="10" type="stmt"/>
        <line num="8" count="10" type="stmt"/>
        <line num="10" count="10" type="stmt"/>
        <line num="11" count="10" type="stmt"/>
        <line num="21" count="10" type="stmt"/>
        <line num="22" count="10" type="stmt"/>
        <line num="25" count="1" type="stmt"/>
        <line num="35" count="10" type="stmt"/>
        <line num="36" count="10" type="stmt"/>
        <line num="37" count="10" type="stmt"/>
        <line num="40" count="10" type="stmt"/>
        <line num="41" count="0" type="stmt"/>
        <line num="44" count="10" type="stmt"/>
      </file>
    </package>
    <package name="src.config">
      <metrics statements="13" coveredstatements="12" conditionals="4" coveredconditionals="1" methods="3" coveredmethods="2"/>
      <file name="database.ts" path="/home/crystopher/Documents/Projetos/drivent/driventAPI/src/config/database.ts">
        <metrics statements="5" coveredstatements="4" conditionals="0" coveredconditionals="0" methods="2" coveredmethods="1"/>
        <line num="1" count="13" type="stmt"/>
        <line num="4" count="13" type="stmt"/>
        <line num="5" count="10" type="stmt"/>
        <line num="8" count="13" type="stmt"/>
        <line num="9" count="0" type="stmt"/>
      </file>
      <file name="envs.ts" path="/home/crystopher/Documents/Projetos/drivent/driventAPI/src/config/envs.ts">
        <metrics statements="6" coveredstatements="6" conditionals="4" coveredconditionals="1" methods="1" coveredmethods="1"/>
        <line num="1" count="13" type="stmt"/>
        <line num="2" count="13" type="stmt"/>
        <line num="4" count="13" type="stmt"/>
        <line num="6" count="23" type="cond" truecount="1" falsecount="1"/>
        <line num="12" count="23" type="stmt"/>
        <line num="13" count="23" type="stmt"/>
      </file>
      <file name="index.ts" path="/home/crystopher/Documents/Projetos/drivent/driventAPI/src/config/index.ts">
        <metrics statements="2" coveredstatements="2" conditionals="0" coveredconditionals="0" methods="0" coveredmethods="0"/>
        <line num="1" count="13" type="stmt"/>
        <line num="2" count="13" type="stmt"/>
      </file>
    </package>
    <package name="src.controllers">
      <metrics statements="55" coveredstatements="52" conditionals="0" coveredconditionals="0" methods="10" coveredmethods="9"/>
      <file name="accomodation-controller.ts" path="/home/crystopher/Documents/Projetos/drivent/driventAPI/src/controllers/accomodation-controller.ts">
        <metrics statements="5" coveredstatements="5" conditionals="0" coveredconditionals="0" methods="1" coveredmethods="1"/>
        <line num="1" count="10" type="stmt"/>
        <line num="3" count="10" type="stmt"/>
        <line num="5" count="10" type="stmt"/>
        <line num="6" count="2" type="stmt"/>
        <line num="8" count="1" type="stmt"/>
      </file>
      <file name="authentication-controller.ts" path="/home/crystopher/Documents/Projetos/drivent/driventAPI/src/controllers/authentication-controller.ts">
        <metrics statements="6" coveredstatements="6" conditionals="0" coveredconditionals="0" methods="1" coveredmethods="1"/>
        <line num="1" count="10" type="stmt"/>
        <line num="3" count="10" type="stmt"/>
        <line num="5" count="10" type="stmt"/>
        <line num="6" count="5" type="stmt"/>
        <line num="8" count="5" type="stmt"/>
        <line num="10" count="3" type="stmt"/>
      </file>
      <file name="enrollments-controller.ts" path="/home/crystopher/Documents/Projetos/drivent/driventAPI/src/controllers/enrollments-controller.ts">
        <metrics statements="9" coveredstatements="9" conditionals="0" coveredconditionals="0" methods="2" coveredmethods="2"/>
        <line num="2" count="10" type="stmt"/>
        <line num="4" count="10" type="stmt"/>
        <line num="6" count="10" type="stmt"/>
        <line num="7" count="2" type="stmt"/>
        <line num="9" count="2" type="stmt"/>
        <line num="11" count="1" type="stmt"/>
        <line num="14" count="10" type="stmt"/>
        <line num="15" count="2" type="stmt"/>
        <line num="20" count="2" type="stmt"/>
      </file>
      <file name="events-controller.ts" path="/home/crystopher/Documents/Projetos/drivent/driventAPI/src/controllers/events-controller.ts">
        <metrics statements="5" coveredstatements="5" conditionals="0" coveredconditionals="0" methods="1" coveredmethods="1"/>
        <line num="1" count="10" type="stmt"/>
        <line num="3" count="10" type="stmt"/>
        <line num="5" count="10" type="stmt"/>
        <line num="6" count="2" type="stmt"/>
        <line num="8" count="1" type="stmt"/>
      </file>
      <file name="index.ts" path="/home/crystopher/Documents/Projetos/drivent/driventAPI/src/controllers/index.ts">
        <metrics statements="7" coveredstatements="7" conditionals="0" coveredconditionals="0" methods="0" coveredmethods="0"/>
        <line num="1" count="10" type="stmt"/>
        <line num="2" count="10" type="stmt"/>
        <line num="3" count="10" type="stmt"/>
        <line num="4" count="10" type="stmt"/>
        <line num="5" count="10" type="stmt"/>
        <line num="6" count="10" type="stmt"/>
        <line num="7" count="10" type="stmt"/>
      </file>
      <file name="orders-controller.ts" path="/home/crystopher/Documents/Projetos/drivent/driventAPI/src/controllers/orders-controller.ts">
        <metrics statements="12" coveredstatements="9" conditionals="0" coveredconditionals="0" methods="3" coveredmethods="2"/>
        <line num="2" count="10" type="stmt"/>
        <line num="4" count="10" type="stmt"/>
        <line num="9" count="10" type="stmt"/>
        <line num="10" count="0" type="stmt"/>
        <line num="12" count="0" type="stmt"/>
        <line num="14" count="0" type="stmt"/>
        <line num="17" count="10" type="stmt"/>
        <line num="18" count="2" type="stmt"/>
        <line num="20" count="1" type="stmt"/>
        <line num="23" count="10" type="stmt"/>
        <line num="24" count="2" type="stmt"/>
        <line num="28" count="1" type="stmt"/>
      </file>
      <file name="tickets-controller.ts" path="/home/crystopher/Documents/Projetos/drivent/driventAPI/src/controllers/tickets-controller.ts">
        <metrics statements="5" coveredstatements="5" conditionals="0" coveredconditionals="0" methods="1" coveredmethods="1"/>
        <line num="1" count="10" type="stmt"/>
        <line num="3" count="10" type="stmt"/>
        <line num="5" count="10" type="stmt"/>
        <line num="6" count="2" type="stmt"/>
        <line num="8" count="1" type="stmt"/>
      </file>
      <file name="users-controller.ts" path="/home/crystopher/Documents/Projetos/drivent/driventAPI/src/controllers/users-controller.ts">
        <metrics statements="6" coveredstatements="6" conditionals="0" coveredconditionals="0" methods="1" coveredmethods="1"/>
        <line num="1" count="10" type="stmt"/>
        <line num="3" count="10" type="stmt"/>
        <line num="5" count="10" type="stmt"/>
        <line num="6" count="6" type="stmt"/>
        <line num="8" count="6" type="stmt"/>
        <line num="9" count="3" type="stmt"/>
      </file>
    </package>
    <package name="src.errors">
      <metrics statements="18" coveredstatements="16" conditionals="0" coveredconditionals="0" methods="6" coveredmethods="4"/>
      <file name="cannot-enroll-before-start-date-error.ts" path="/home/crystopher/Documents/Projetos/drivent/driventAPI/src/errors/cannot-enroll-before-start-date-error.ts">
        <metrics statements="2" coveredstatements="2" conditionals="0" coveredconditionals="0" methods="1" coveredmethods="1"/>
        <line num="3" count="10" type="stmt"/>
        <line num="4" count="5" type="stmt"/>
      </file>
      <file name="conflict-error.ts" path="/home/crystopher/Documents/Projetos/drivent/driventAPI/src/errors/conflict-error.ts">
        <metrics statements="2" coveredstatements="1" conditionals="0" coveredconditionals="0" methods="1" coveredmethods="0"/>
        <line num="3" count="10" type="stmt"/>
        <line num="4" count="0" type="stmt"/>
      </file>
      <file name="index.ts" path="/home/crystopher/Documents/Projetos/drivent/driventAPI/src/errors/index.ts">
        <metrics statements="6" coveredstatements="6" conditionals="0" coveredconditionals="0" methods="0" coveredmethods="0"/>
        <line num="1" count="10" type="stmt"/>
        <line num="2" count="10" type="stmt"/>
        <line num="3" count="10" type="stmt"/>
        <line num="4" count="10" type="stmt"/>
        <line num="5" count="10" type="stmt"/>
        <line num="6" count="10" type="stmt"/>
      </file>
      <file name="invalid-data-error.ts" path="/home/crystopher/Documents/Projetos/drivent/driventAPI/src/errors/invalid-data-error.ts">
        <metrics statements="2" coveredstatements="2" conditionals="0" coveredconditionals="0" methods="1" coveredmethods="1"/>
        <line num="3" count="10" type="stmt"/>
        <line num="4" count="6" type="stmt"/>
      </file>
      <file name="invalid-email-error.ts" path="/home/crystopher/Documents/Projetos/drivent/driventAPI/src/errors/invalid-email-error.ts">
        <metrics statements="2" coveredstatements="1" conditionals="0" coveredconditionals="0" methods="1" coveredmethods="0"/>
        <line num="3" count="10" type="stmt"/>
        <line num="4" count="0" type="stmt"/>
      </file>
      <file name="not-found-error.ts" path="/home/crystopher/Documents/Projetos/drivent/driventAPI/src/errors/not-found-error.ts">
        <metrics statements="2" coveredstatements="2" conditionals="0" coveredconditionals="0" methods="1" coveredmethods="1"/>
        <line num="3" count="10" type="stmt"/>
        <line num="4" count="6" type="stmt"/>
      </file>
      <file name="unauthorized-error.ts" path="/home/crystopher/Documents/Projetos/drivent/driventAPI/src/errors/unauthorized-error.ts">
        <metrics statements="2" coveredstatements="2" conditionals="0" coveredconditionals="0" methods="1" coveredmethods="1"/>
        <line num="3" count="10" type="stmt"/>
        <line num="4" count="18" type="stmt"/>
      </file>
    </package>
    <package name="src.middlewares">
      <metrics statements="43" coveredstatements="40" conditionals="11" coveredconditionals="10" methods="8" coveredmethods="7"/>
      <file name="authentication-middleware.ts" path="/home/crystopher/Documents/Projetos/drivent/driventAPI/src/middlewares/authentication-middleware.ts">
        <metrics statements="17" coveredstatements="17" conditionals="3" coveredconditionals="2" methods="2" coveredmethods="2"/>
        <line num="2" count="10" type="stmt"/>
        <line num="3" count="10" type="stmt"/>
        <line num="5" count="10" type="stmt"/>
        <line num="6" count="10" type="stmt"/>
        <line num="8" count="10" type="stmt"/>
        <line num="9" count="32" type="stmt"/>
        <line num="10" count="32" type="cond" truecount="1" falsecount="0"/>
        <line num="12" count="26" type="stmt"/>
        <line num="13" count="26" type="cond" truecount="0" falsecount="1"/>
        <line num="15" count="26" type="stmt"/>
        <line num="16" count="26" type="stmt"/>
        <line num="18" count="20" type="stmt"/>
        <line num="23" count="20" type="cond" truecount="1" falsecount="0"/>
        <line num="25" count="14" type="stmt"/>
        <line num="27" count="14" type="stmt"/>
        <line num="29" count="6" type="stmt"/>
        <line num="34" count="18" type="stmt"/>
      </file>
      <file name="error-handling-middleware.ts" path="/home/crystopher/Documents/Projetos/drivent/driventAPI/src/middlewares/error-handling-middleware.ts">
        <metrics statements="12" coveredstatements="10" conditionals="6" coveredconditionals="6" methods="1" coveredmethods="1"/>
        <line num="3" count="10" type="stmt"/>
        <line num="5" count="10" type="stmt"/>
        <line num="11" count="11" type="cond" truecount="1" falsecount="0"/>
        <line num="12" count="2" type="stmt"/>
        <line num="17" count="9" type="cond" truecount="3" falsecount="0"/>
        <line num="18" count="1" type="stmt"/>
        <line num="23" count="8" type="cond" truecount="1" falsecount="0"/>
        <line num="24" count="2" type="stmt"/>
        <line num="29" count="6" type="cond" truecount="1" falsecount="0"/>
        <line num="30" count="6" type="stmt"/>
        <line num="36" count="0" type="stmt"/>
        <line num="37" count="0" type="stmt"/>
      </file>
      <file name="index.ts" path="/home/crystopher/Documents/Projetos/drivent/driventAPI/src/middlewares/index.ts">
        <metrics statements="3" coveredstatements="3" conditionals="0" coveredconditionals="0" methods="0" coveredmethods="0"/>
        <line num="1" count="10" type="stmt"/>
        <line num="2" count="10" type="stmt"/>
        <line num="3" count="10" type="stmt"/>
      </file>
      <file name="validation-middleware.ts" path="/home/crystopher/Documents/Projetos/drivent/driventAPI/src/middlewares/validation-middleware.ts">
        <metrics statements="11" coveredstatements="10" conditionals="2" coveredconditionals="2" methods="5" coveredmethods="4"/>
        <line num="1" count="10" type="stmt"/>
        <line num="3" count="10" type="stmt"/>
        <line num="6" count="10" type="stmt"/>
        <line num="7" count="40" type="stmt"/>
        <line num="10" count="10" type="stmt"/>
        <line num="11" count="0" type="stmt"/>
        <line num="15" count="40" type="stmt"/>
        <line num="16" count="19" type="stmt"/>
        <line num="20" count="19" type="cond" truecount="2" falsecount="0"/>
        <line num="21" count="13" type="stmt"/>
        <line num="23" count="21" type="stmt"/>
      </file>
    </package>
    <package name="src.repositories.accomodation-repository">
      <metrics statements="4" coveredstatements="4" conditionals="0" coveredconditionals="0" methods="1" coveredmethods="1"/>
      <file name="index.ts" path="/home/crystopher/Documents/Projetos/drivent/driventAPI/src/repositories/accomodation-repository/index.ts">
        <metrics statements="4" coveredstatements="4" conditionals="0" coveredconditionals="0" methods="1" coveredmethods="1"/>
        <line num="1" count="10" type="stmt"/>
        <line num="4" count="2" type="stmt"/>
        <line num="7" count="10" type="stmt"/>
        <line num="11" count="10" type="stmt"/>
      </file>
    </package>
    <package name="src.repositories.address-repository">
      <metrics statements="4" coveredstatements="4" conditionals="0" coveredconditionals="0" methods="1" coveredmethods="1"/>
      <file name="index.ts" path="/home/crystopher/Documents/Projetos/drivent/driventAPI/src/repositories/address-repository/index.ts">
        <metrics statements="4" coveredstatements="4" conditionals="0" coveredconditionals="0" methods="1" coveredmethods="1"/>
        <line num="1" count="10" type="stmt"/>
        <line num="5" count="2" type="stmt"/>
        <line num="20" count="10" type="stmt"/>
        <line num="24" count="10" type="stmt"/>
      </file>
    </package>
    <package name="src.repositories.enrollment-repository">
      <metrics statements="5" coveredstatements="5" conditionals="0" coveredconditionals="0" methods="2" coveredmethods="2"/>
      <file name="index.ts" path="/home/crystopher/Documents/Projetos/drivent/driventAPI/src/repositories/enrollment-repository/index.ts">
        <metrics statements="5" coveredstatements="5" conditionals="0" coveredconditionals="0" methods="2" coveredmethods="2"/>
        <line num="1" count="10" type="stmt"/>
        <line num="5" count="2" type="stmt"/>
        <line num="18" count="2" type="stmt"/>
        <line num="30" count="10" type="stmt"/>
        <line num="35" count="10" type="stmt"/>
      </file>
    </package>
    <package name="src.repositories.event-repository">
      <metrics statements="4" coveredstatements="4" conditionals="0" coveredconditionals="0" methods="1" coveredmethods="1"/>
      <file name="index.ts" path="/home/crystopher/Documents/Projetos/drivent/driventAPI/src/repositories/event-repository/index.ts">
        <metrics statements="4" coveredstatements="4" conditionals="0" coveredconditionals="0" methods="1" coveredmethods="1"/>
        <line num="1" count="10" type="stmt"/>
        <line num="4" count="11" type="stmt"/>
        <line num="7" count="10" type="stmt"/>
        <line num="11" count="10" type="stmt"/>
      </file>
    </package>
    <package name="src.repositories.order-repository">
      <metrics statements="6" coveredstatements="5" conditionals="0" coveredconditionals="0" methods="3" coveredmethods="2"/>
      <file name="index.ts" path="/home/crystopher/Documents/Projetos/drivent/driventAPI/src/repositories/order-repository/index.ts">
        <metrics statements="6" coveredstatements="5" conditionals="0" coveredconditionals="0" methods="3" coveredmethods="2"/>
        <line num="1" count="10" type="stmt"/>
        <line num="7" count="1" type="stmt"/>
        <line num="14" count="0" type="stmt"/>
        <line num="22" count="4" type="stmt"/>
        <line num="27" count="10" type="stmt"/>
        <line num="33" count="10" type="stmt"/>
      </file>
    </package>
    <package name="src.repositories.session-repository">
      <metrics statements="4" coveredstatements="4" conditionals="0" coveredconditionals="0" methods="1" coveredmethods="1"/>
      <file name="index.ts" path="/home/crystopher/Documents/Projetos/drivent/driventAPI/src/repositories/session-repository/index.ts">
        <metrics statements="4" coveredstatements="4" conditionals="0" coveredconditionals="0" methods="1" coveredmethods="1"/>
        <line num="1" count="10" type="stmt"/>
        <line num="5" count="5" type="stmt"/>
        <line num="10" count="10" type="stmt"/>
        <line num="14" count="10" type="stmt"/>
      </file>
    </package>
    <package name="src.repositories.ticket-repository">
      <metrics statements="4" coveredstatements="4" conditionals="0" coveredconditionals="0" methods="1" coveredmethods="1"/>
      <file name="index.ts" path="/home/crystopher/Documents/Projetos/drivent/driventAPI/src/repositories/ticket-repository/index.ts">
        <metrics statements="4" coveredstatements="4" conditionals="0" coveredconditionals="0" methods="1" coveredmethods="1"/>
        <line num="1" count="10" type="stmt"/>
        <line num="4" count="2" type="stmt"/>
        <line num="7" count="10" type="stmt"/>
        <line num="11" count="10" type="stmt"/>
      </file>
    </package>
    <package name="src.repositories.user-repository">
      <metrics statements="8" coveredstatements="8" conditionals="1" coveredconditionals="1" methods="2" coveredmethods="2"/>
      <file name="index.ts" path="/home/crystopher/Documents/Projetos/drivent/driventAPI/src/repositories/user-repository/index.ts">
        <metrics statements="8" coveredstatements="8" conditionals="1" coveredconditionals="1" methods="2" coveredmethods="2"/>
        <line num="1" count="10" type="stmt"/>
        <line num="5" count="13" type="stmt"/>
        <line num="11" count="13" type="cond" truecount="1" falsecount="0"/>
        <line num="12" count="9" type="stmt"/>
        <line num="15" count="13" type="stmt"/>
        <line num="19" count="3" type="stmt"/>
        <line num="24" count="10" type="stmt"/>
        <line num="29" count="10" type="stmt"/>
      </file>
    </package>
    <package name="src.routers">
      <metrics statements="52" coveredstatements="52" conditionals="0" coveredconditionals="0" methods="0" coveredmethods="0"/>
      <file name="accomodation-router.ts" path="/home/crystopher/Documents/Projetos/drivent/driventAPI/src/routers/accomodation-router.ts">
        <metrics statements="6" coveredstatements="6" conditionals="0" coveredconditionals="0" methods="0" coveredmethods="0"/>
        <line num="1" count="10" type="stmt"/>
        <line num="2" count="10" type="stmt"/>
        <line num="3" count="10" type="stmt"/>
        <line num="5" count="10" type="stmt"/>
        <line num="7" count="10" type="stmt"/>
        <line num="9" count="10" type="stmt"/>
      </file>
      <file name="authentication-router.ts" path="/home/crystopher/Documents/Projetos/drivent/driventAPI/src/routers/authentication-router.ts">
        <metrics statements="7" coveredstatements="7" conditionals="0" coveredconditionals="0" methods="0" coveredmethods="0"/>
        <line num="1" count="10" type="stmt"/>
        <line num="2" count="10" type="stmt"/>
        <line num="3" count="10" type="stmt"/>
        <line num="4" count="10" type="stmt"/>
        <line num="6" count="10" type="stmt"/>
        <line num="8" count="10" type="stmt"/>
        <line num="10" count="10" type="stmt"/>
      </file>
      <file name="enrollments-router.ts" path="/home/crystopher/Documents/Projetos/drivent/driventAPI/src/routers/enrollments-router.ts">
        <metrics statements="7" coveredstatements="7" conditionals="0" coveredconditionals="0" methods="0" coveredmethods="0"/>
        <line num="1" count="10" type="stmt"/>
        <line num="2" count="10" type="stmt"/>
        <line num="3" count="10" type="stmt"/>
        <line num="4" count="10" type="stmt"/>
        <line num="6" count="10" type="stmt"/>
        <line num="8" count="10" type="stmt"/>
        <line num="13" count="10" type="stmt"/>
      </file>
      <file name="events-router.ts" path="/home/crystopher/Documents/Projetos/drivent/driventAPI/src/routers/events-router.ts">
        <metrics statements="5" coveredstatements="5" conditionals="0" coveredconditionals="0" methods="0" coveredmethods="0"/>
        <line num="1" count="10" type="stmt"/>
        <line num="2" count="10" type="stmt"/>
        <line num="4" count="10" type="stmt"/>
        <line num="6" count="10" type="stmt"/>
        <line num="8" count="10" type="stmt"/>
      </file>
      <file name="index.ts" path="/home/crystopher/Documents/Projetos/drivent/driventAPI/src/routers/index.ts">
        <metrics statements="7" coveredstatements="7" conditionals="0" coveredconditionals="0" methods="0" coveredmethods="0"/>
        <line num="1" count="10" type="stmt"/>
        <line num="2" count="10" type="stmt"/>
        <line num="3" count="10" type="stmt"/>
        <line num="4" count="10" type="stmt"/>
        <line num="5" count="10" type="stmt"/>
        <line num="6" count="10" type="stmt"/>
        <line num="7" count="10" type="stmt"/>
      </file>
      <file name="order-router.ts" path="/home/crystopher/Documents/Projetos/drivent/driventAPI/src/routers/order-router.ts">
        <metrics statements="7" coveredstatements="7" conditionals="0" coveredconditionals="0" methods="0" coveredmethods="0"/>
        <line num="1" count="10" type="stmt"/>
        <line num="2" count="10" type="stmt"/>
        <line num="3" count="10" type="stmt"/>
        <line num="4" count="10" type="stmt"/>
        <line num="6" count="10" type="stmt"/>
        <line num="8" count="10" type="stmt"/>
        <line num="14" count="10" type="stmt"/>
      </file>
      <file name="ticket-router.ts" path="/home/crystopher/Documents/Projetos/drivent/driventAPI/src/routers/ticket-router.ts">
        <metrics statements="6" coveredstatements="6" conditionals="0" coveredconditionals="0" methods="0" coveredmethods="0"/>
        <line num="1" count="10" type="stmt"/>
        <line num="2" count="10" type="stmt"/>
        <line num="3" count="10" type="stmt"/>
        <line num="5" count="10" type="stmt"/>
        <line num="7" count="10" type="stmt"/>
        <line num="9" count="10" type="stmt"/>
      </file>
      <file name="users-router.ts" path="/home/crystopher/Documents/Projetos/drivent/driventAPI/src/routers/users-router.ts">
        <metrics statements="7" coveredstatements="7" conditionals="0" coveredconditionals="0" methods="0" coveredmethods="0"/>
        <line num="1" count="10" type="stmt"/>
        <line num="3" count="10" type="stmt"/>
        <line num="4" count="10" type="stmt"/>
        <line num="5" count="10" type="stmt"/>
        <line num="7" count="10" type="stmt"/>
        <line num="9" count="10" type="stmt"/>
        <line num="11" count="10" type="stmt"/>
      </file>
    </package>
    <package name="src.schemas">
      <metrics statements="28" coveredstatements="26" conditionals="6" coveredconditionals="1" methods="4" coveredmethods="4"/>
      <file name="authentication-schemas.ts" path="/home/crystopher/Documents/Projetos/drivent/driventAPI/src/schemas/authentication-schemas.ts">
        <metrics statements="2" coveredstatements="2" conditionals="0" coveredconditionals="0" methods="0" coveredmethods="0"/>
        <line num="2" count="13" type="stmt"/>
        <line num="4" count="13" type="stmt"/>
      </file>
      <file name="enrollments-schemas.ts" path="/home/crystopher/Documents/Projetos/drivent/driventAPI/src/schemas/enrollments-schemas.ts">
        <metrics statements="19" coveredstatements="17" conditionals="6" coveredconditionals="1" methods="4" coveredmethods="4"/>
        <line num="2" count="13" type="stmt"/>
        <line num="3" count="13" type="stmt"/>
        <line num="5" count="13" type="stmt"/>
        <line num="7" count="13" type="stmt"/>
        <line num="9" count="13" type="stmt"/>
        <line num="11" count="13" type="stmt"/>
        <line num="23" count="351" type="stmt"/>
        <line num="31" count="28" type="cond" truecount="0" falsecount="1"/>
        <line num="33" count="28" type="cond" truecount="1" falsecount="0"/>
        <line num="34" count="1" type="stmt"/>
        <line num="37" count="27" type="stmt"/>
        <line num="41" count="18" type="cond" truecount="0" falsecount="1"/>
        <line num="43" count="18" type="cond" truecount="0" falsecount="1"/>
        <line num="44" count="0" type="stmt"/>
        <line num="47" count="18" type="stmt"/>
        <line num="51" count="22" type="cond" truecount="0" falsecount="1"/>
        <line num="53" count="22" type="cond" truecount="0" falsecount="1"/>
        <line num="54" count="0" type="stmt"/>
        <line num="57" count="22" type="stmt"/>
      </file>
      <file name="index.ts" path="/home/crystopher/Documents/Projetos/drivent/driventAPI/src/schemas/index.ts">
        <metrics statements="3" coveredstatements="3" conditionals="0" coveredconditionals="0" methods="0" coveredmethods="0"/>
        <line num="1" count="13" type="stmt"/>
        <line num="2" count="13" type="stmt"/>
        <line num="3" count="13" type="stmt"/>
      </file>
      <file name="orders-schemas.ts" path="/home/crystopher/Documents/Projetos/drivent/driventAPI/src/schemas/orders-schemas.ts">
        <metrics statements="2" coveredstatements="2" conditionals="0" coveredconditionals="0" methods="0" coveredmethods="0"/>
        <line num="2" count="10" type="stmt"/>
        <line num="6" count="10" type="stmt"/>
      </file>
      <file name="users-schemas.ts" path="/home/crystopher/Documents/Projetos/drivent/driventAPI/src/schemas/users-schemas.ts">
        <metrics statements="2" coveredstatements="2" conditionals="0" coveredconditionals="0" methods="0" coveredmethods="0"/>
        <line num="2" count="13" type="stmt"/>
        <line num="4" count="13" type="stmt"/>
      </file>
    </package>
    <package name="src.services.accomodation-service">
      <metrics statements="7" coveredstatements="7" conditionals="1" coveredconditionals="1" methods="1" coveredmethods="1"/>
      <file name="index.ts" path="/home/crystopher/Documents/Projetos/drivent/driventAPI/src/services/accomodation-service/index.ts">
        <metrics statements="7" coveredstatements="7" conditionals="1" coveredconditionals="1" methods="1" coveredmethods="1"/>
        <line num="1" count="10" type="stmt"/>
        <line num="2" count="10" type="stmt"/>
        <line num="5" count="2" type="stmt"/>
        <line num="6" count="2" type="cond" truecount="1" falsecount="0"/>
        <line num="7" count="1" type="stmt"/>
        <line num="10" count="10" type="stmt"/>
        <line num="11" count="10" type="stmt"/>
      </file>
    </package>
    <package name="src.services.authentication-service">
      <metrics statements="24" coveredstatements="24" conditionals="2" coveredconditionals="2" methods="5" coveredmethods="5"/>
      <file name="errors.ts" path="/home/crystopher/Documents/Projetos/drivent/driventAPI/src/services/authentication-service/errors.ts">
        <metrics statements="2" coveredstatements="2" conditionals="0" coveredconditionals="0" methods="1" coveredmethods="1"/>
        <line num="3" count="10" type="stmt"/>
        <line num="4" count="6" type="stmt"/>
      </file>
      <file name="index.ts" path="/home/crystopher/Documents/Projetos/drivent/driventAPI/src/services/authentication-service/index.ts">
        <metrics statements="22" coveredstatements="22" conditionals="2" coveredconditionals="2" methods="4" coveredmethods="4"/>
        <line num="1" count="10" type="stmt"/>
        <line num="2" count="10" type="stmt"/>
        <line num="3" count="10" type="stmt"/>
        <line num="5" count="10" type="stmt"/>
        <line num="6" count="10" type="stmt"/>
        <line num="7" count="10" type="stmt"/>
        <line num="10" count="9" type="stmt"/>
        <line num="12" count="9" type="stmt"/>
        <line num="14" count="7" type="stmt"/>
        <line num="16" count="5" type="stmt"/>
        <line num="18" count="5" type="stmt"/>
        <line num="25" count="9" type="stmt"/>
        <line num="26" count="9" type="cond" truecount="1" falsecount="0"/>
        <line num="28" count="7" type="stmt"/>
        <line num="32" count="5" type="stmt"/>
        <line num="33" count="5" type="stmt"/>
        <line num="38" count="5" type="stmt"/>
        <line num="42" count="7" type="stmt"/>
        <line num="43" count="7" type="cond" truecount="1" falsecount="0"/>
        <line num="55" count="10" type="stmt"/>
        <line num="59" count="10" type="stmt"/>
        <line num="60" count="10" type="stmt"/>
      </file>
    </package>
    <package name="src.services.enrollments-service">
      <metrics statements="18" coveredstatements="18" conditionals="6" coveredconditionals="5" methods="4" coveredmethods="4"/>
      <file name="index.ts" path="/home/crystopher/Documents/Projetos/drivent/driventAPI/src/services/enrollments-service/index.ts">
        <metrics statements="18" coveredstatements="18" conditionals="6" coveredconditionals="5" methods="4" coveredmethods="4"/>
        <line num="1" count="10" type="stmt"/>
        <line num="2" count="10" type="stmt"/>
        <line num="3" count="10" type="stmt"/>
        <line num="4" count="10" type="stmt"/>
        <line num="8" count="2" type="stmt"/>
        <line num="10" count="2" type="cond" truecount="1" falsecount="0"/>
        <line num="12" count="1" type="stmt"/>
        <line num="13" count="1" type="stmt"/>
        <line num="15" count="1" type="stmt"/>
        <line num="24" count="1" type="cond" truecount="0" falsecount="1"/>
        <line num="26" count="1" type="stmt"/>
        <line num="32" count="2" type="stmt"/>
        <line num="33" count="2" type="stmt"/>
        <line num="35" count="2" type="stmt"/>
        <line num="37" count="2" type="stmt"/>
        <line num="41" count="2" type="stmt"/>
        <line num="51" count="10" type="stmt"/>
        <line num="56" count="10" type="stmt"/>
      </file>
    </package>
    <package name="src.services.events-service">
      <metrics statements="15" coveredstatements="15" conditionals="4" coveredconditionals="4" methods="2" coveredmethods="2"/>
      <file name="index.ts" path="/home/crystopher/Documents/Projetos/drivent/driventAPI/src/services/events-service/index.ts">
        <metrics statements="15" coveredstatements="15" conditionals="4" coveredconditionals="4" methods="2" coveredmethods="2"/>
        <line num="1" count="10" type="stmt"/>
        <line num="2" count="10" type="stmt"/>
        <line num="3" count="10" type="stmt"/>
        <line num="5" count="10" type="stmt"/>
        <line num="8" count="2" type="stmt"/>
        <line num="9" count="2" type="cond" truecount="1" falsecount="0"/>
        <line num="11" count="1" type="stmt"/>
        <line num="17" count="9" type="stmt"/>
        <line num="18" count="9" type="cond" truecount="1" falsecount="0"/>
        <line num="20" count="5" type="stmt"/>
        <line num="21" count="5" type="stmt"/>
        <line num="22" count="5" type="stmt"/>
        <line num="24" count="5" type="cond" truecount="2" falsecount="0"/>
        <line num="27" count="10" type="stmt"/>
        <line num="32" count="10" type="stmt"/>
      </file>
    </package>
    <package name="src.services.orders-service">
      <metrics statements="13" coveredstatements="11" conditionals="2" coveredconditionals="2" methods="3" coveredmethods="2"/>
      <file name="index.ts" path="/home/crystopher/Documents/Projetos/drivent/driventAPI/src/services/orders-service/index.ts">
        <metrics statements="13" coveredstatements="11" conditionals="2" coveredconditionals="2" methods="3" coveredmethods="2"/>
        <line num="1" count="10" type="stmt"/>
        <line num="2" count="10" type="stmt"/>
        <line num="9" count="2" type="stmt"/>
        <line num="11" count="2" type="cond" truecount="1" falsecount="0"/>
        <line num="13" count="1" type="stmt"/>
        <line num="15" count="1" type="stmt"/>
        <line num="19" count="2" type="stmt"/>
        <line num="21" count="2" type="cond" truecount="1" falsecount="0"/>
        <line num="23" count="1" type="stmt"/>
        <line num="27" count="0" type="stmt"/>
        <line num="29" count="0" type="stmt"/>
        <line num="31" count="10" type="stmt"/>
        <line num="37" count="10" type="stmt"/>
      </file>
    </package>
    <package name="src.services.tickets-service">
      <metrics statements="7" coveredstatements="7" conditionals="1" coveredconditionals="1" methods="1" coveredmethods="1"/>
      <file name="index.ts" path="/home/crystopher/Documents/Projetos/drivent/driventAPI/src/services/tickets-service/index.ts">
        <metrics statements="7" coveredstatements="7" conditionals="1" coveredconditionals="1" methods="1" coveredmethods="1"/>
        <line num="1" count="10" type="stmt"/>
        <line num="2" count="10" type="stmt"/>
        <line num="6" count="2" type="stmt"/>
        <line num="7" count="2" type="cond" truecount="1" falsecount="0"/>
        <line num="9" count="1" type="stmt"/>
        <line num="12" count="10" type="stmt"/>
        <line num="16" count="10" type="stmt"/>
      </file>
    </package>
    <package name="src.services.users-service">
      <metrics statements="21" coveredstatements="21" conditionals="2" coveredconditionals="2" methods="4" coveredmethods="4"/>
      <file name="errors.ts" path="/home/crystopher/Documents/Projetos/drivent/driventAPI/src/services/users-service/errors.ts">
        <metrics statements="2" coveredstatements="2" conditionals="0" coveredconditionals="0" methods="1" coveredmethods="1"/>
        <line num="3" count="10" type="stmt"/>
        <line num="4" count="3" type="stmt"/>
      </file>
      <file name="index.ts" path="/home/crystopher/Documents/Projetos/drivent/driventAPI/src/services/users-service/index.ts">
        <metrics statements="19" coveredstatements="19" conditionals="2" coveredconditionals="2" methods="3" coveredmethods="3"/>
        <line num="1" count="10" type="stmt"/>
        <line num="2" count="10" type="stmt"/>
        <line num="4" count="10" type="stmt"/>
        <line num="5" count="10" type="stmt"/>
        <line num="6" count="10" type="stmt"/>
        <line num="8" count="10" type="stmt"/>
        <line num="9" count="9" type="stmt"/>
        <line num="11" count="4" type="stmt"/>
        <line num="13" count="3" type="stmt"/>
        <line num="14" count="3" type="stmt"/>
        <line num="21" count="4" type="stmt"/>
        <line num="22" count="4" type="cond" truecount="1" falsecount="0"/>
        <line num="23" count="1" type="stmt"/>
        <line num="28" count="9" type="stmt"/>
        <line num="29" count="9" type="cond" truecount="1" falsecount="0"/>
        <line num="30" count="5" type="stmt"/>
        <line num="36" count="10" type="stmt"/>
        <line num="40" count="10" type="stmt"/>
        <line num="41" count="10" type="stmt"/>
      </file>
    </package>
    <package name="src.utils">
      <metrics statements="5" coveredstatements="5" conditionals="0" coveredconditionals="0" methods="1" coveredmethods="1"/>
      <file name="prisma-utils.ts" path="/home/crystopher/Documents/Projetos/drivent/driventAPI/src/utils/prisma-utils.ts">
        <metrics statements="5" coveredstatements="5" conditionals="0" coveredconditionals="0" methods="1" coveredmethods="1"/>
        <line num="1" count="10" type="stmt"/>
        <line num="2" count="12" type="stmt"/>
        <line num="3" count="12" type="stmt"/>
        <line num="4" count="18" type="stmt"/>
        <line num="6" count="12" type="stmt"/>
      </file>
    </package>
    <package name="tests">
      <metrics statements="18" coveredstatements="18" conditionals="2" coveredconditionals="2" methods="2" coveredmethods="2"/>
      <file name="helpers.ts" path="/home/crystopher/Documents/Projetos/drivent/driventAPI/tests/helpers.ts">
        <metrics statements="18" coveredstatements="18" conditionals="2" coveredconditionals="2" methods="2" coveredmethods="2"/>
        <line num="1" count="9" type="stmt"/>
        <line num="4" count="9" type="stmt"/>
        <line num="5" count="9" type="stmt"/>
        <line num="6" count="9" type="stmt"/>
        <line num="8" count="9" type="stmt"/>
        <line num="9" count="9" type="stmt"/>
        <line num="10" count="9" type="stmt"/>
        <line num="11" count="9" type="stmt"/>
        <line num="12" count="9" type="stmt"/>
        <line num="13" count="9" type="stmt"/>
        <line num="14" count="9" type="stmt"/>
        <line num="15" count="9" type="stmt"/>
        <line num="16" count="9" type="stmt"/>
        <line num="19" count="9" type="stmt"/>
        <line num="20" count="14" type="cond" truecount="2" falsecount="0"/>
        <line num="21" count="14" type="stmt"/>
        <line num="23" count="14" type="stmt"/>
        <line num="24" count="14" type="stmt"/>
      </file>
    </package>
    <package name="tests.factories">
      <metrics statements="39" coveredstatements="39" conditionals="20" coveredconditionals="19" methods="7" coveredmethods="7"/>
      <file name="accomodations-factory.ts" path="/home/crystopher/Documents/Projetos/drivent/driventAPI/tests/factories/accomodations-factory.ts">
        <metrics statements="4" coveredstatements="4" conditionals="0" coveredconditionals="0" methods="1" coveredmethods="1"/>
        <line num="2" count="2" type="stmt"/>
        <line num="3" count="2" type="stmt"/>
        <line num="5" count="2" type="stmt"/>
        <line num="6" count="3" type="stmt"/>
      </file>
      <file name="enrollments-factory.ts" path="/home/crystopher/Documents/Projetos/drivent/driventAPI/tests/factories/enrollments-factory.ts">
        <metrics statements="7" coveredstatements="7" conditionals="2" coveredconditionals="1" methods="1" coveredmethods="1"/>
        <line num="1" count="9" type="stmt"/>
        <line num="2" count="9" type="stmt"/>
        <line num="5" count="9" type="stmt"/>
        <line num="6" count="9" type="stmt"/>
        <line num="8" count="9" type="stmt"/>
        <line num="9" count="2" type="cond" truecount="1" falsecount="1"/>
        <line num="11" count="2" type="stmt"/>
      </file>
      <file name="events-factory.ts" path="/home/crystopher/Documents/Projetos/drivent/driventAPI/tests/factories/events-factory.ts">
        <metrics statements="5" coveredstatements="5" conditionals="11" coveredconditionals="11" methods="1" coveredmethods="1"/>
        <line num="1" count="9" type="stmt"/>
        <line num="2" count="9" type="stmt"/>
        <line num="4" count="9" type="stmt"/>
        <line num="6" count="9" type="cond" truecount="1" falsecount="0"/>
        <line num="7" count="3" type="stmt"/>
      </file>
      <file name="index.ts" path="/home/crystopher/Documents/Projetos/drivent/driventAPI/tests/factories/index.ts">
        <metrics statements="4" coveredstatements="4" conditionals="0" coveredconditionals="0" methods="0" coveredmethods="0"/>
        <line num="1" count="9" type="stmt"/>
        <line num="2" count="9" type="stmt"/>
        <line num="3" count="9" type="stmt"/>
        <line num="4" count="9" type="stmt"/>
      </file>
      <file name="orders-factory.ts" path="/home/crystopher/Documents/Projetos/drivent/driventAPI/tests/factories/orders-factory.ts">
        <metrics statements="3" coveredstatements="3" conditionals="0" coveredconditionals="0" methods="1" coveredmethods="1"/>
        <line num="2" count="1" type="stmt"/>
        <line num="6" count="1" type="stmt"/>
        <line num="7" count="2" type="stmt"/>
      </file>
      <file name="sessions-factory.ts" path="/home/crystopher/Documents/Projetos/drivent/driventAPI/tests/factories/sessions-factory.ts">
        <metrics statements="5" coveredstatements="5" conditionals="2" coveredconditionals="2" methods="1" coveredmethods="1"/>
        <line num="2" count="9" type="stmt"/>
        <line num="3" count="9" type="stmt"/>
        <line num="5" count="9" type="stmt"/>
        <line num="6" count="14" type="cond" truecount="2" falsecount="0"/>
        <line num="8" count="14" type="stmt"/>
      </file>
      <file name="tickets-factory.ts" path="/home/crystopher/Documents/Projetos/drivent/driventAPI/tests/factories/tickets-factory.ts">
        <metrics statements="4" coveredstatements="4" conditionals="0" coveredconditionals="0" methods="1" coveredmethods="1"/>
        <line num="2" count="2" type="stmt"/>
        <line num="3" count="2" type="stmt"/>
        <line num="5" count="2" type="stmt"/>
        <line num="6" count="3" type="stmt"/>
      </file>
      <file name="users-factory.ts" path="/home/crystopher/Documents/Projetos/drivent/driventAPI/tests/factories/users-factory.ts">
        <metrics statements="7" coveredstatements="7" conditionals="5" coveredconditionals="5" methods="1" coveredmethods="1"/>
        <line num="1" count="9" type="stmt"/>
        <line num="2" count="9" type="stmt"/>
        <line num="4" count="9" type="stmt"/>
        <line num="6" count="9" type="cond" truecount="1" falsecount="0"/>
        <line num="7" count="39" type="cond" truecount="2" falsecount="0"/>
        <line num="8" count="39" type="stmt"/>
        <line num="10" count="39" type="stmt"/>
      </file>
    </package>
  </project>
</coverage>
