{"/home/crystopher/Documents/Projetos/drivent/driventAPI/src/app.ts": {"path":"/home/crystopher/Documents/Projetos/drivent/driventAPI/src/app.ts","statementMap":{"0":{"start":{"line":1,"column":0},"end":{"line":1,"column":26}},"1":{"start":{"line":2,"column":0},"end":{"line":2,"column":30}},"2":{"start":{"line":3,"column":0},"end":{"line":3,"column":43}},"3":{"start":{"line":4,"column":0},"end":{"line":4,"column":24}},"4":{"start":{"line":6,"column":0},"end":{"line":6,"column":60}},"5":{"start":{"line":8,"column":0},"end":{"line":8,"column":10}},"6":{"start":{"line":10,"column":0},"end":{"line":10,"column":56}},"7":{"start":{"line":11,"column":0},"end":{"line":11,"column":110}},"8":{"start":{"line":13,"column":12},"end":{"line":13,"column":21}},"9":{"start":{"line":14,"column":0},"end":{"line":23,"column":32}},"10":{"start":{"line":17,"column":33},"end":{"line":17,"column":48}},"11":{"start":{"line":26,"column":2},"end":{"line":26,"column":14}},"12":{"start":{"line":27,"column":2},"end":{"line":27,"column":30}},"13":{"start":{"line":25,"column":0},"end":{"line":25,"column":16}},"14":{"start":{"line":31,"column":2},"end":{"line":31,"column":23}},"15":{"start":{"line":30,"column":0},"end":{"line":30,"column":7}},"16":{"start":{"line":34,"column":0},"end":{"line":34,"column":19}}},"fnMap":{"0":{"name":"(anonymous_1)","decl":{"start":{"line":17,"column":18},"end":{"line":17,"column":19}},"loc":{"start":{"line":17,"column":33},"end":{"line":17,"column":48}}},"1":{"name":"init","decl":{"start":{"line":25,"column":16},"end":{"line":25,"column":20}},"loc":{"start":{"line":25,"column":20},"end":{"line":28,"column":1}}},"2":{"name":"close","decl":{"start":{"line":30,"column":22},"end":{"line":30,"column":27}},"loc":{"start":{"line":30,"column":27},"end":{"line":32,"column":1}}}},"branchMap":{},"s":{"0":8,"1":8,"2":8,"3":8,"4":8,"5":8,"6":8,"7":8,"8":8,"9":8,"10":1,"11":8,"12":8,"13":8,"14":0,"15":8,"16":8},"f":{"0":1,"1":8,"2":0},"b":{}}
,"/home/crystopher/Documents/Projetos/drivent/driventAPI/src/config/database.ts": {"path":"/home/crystopher/Documents/Projetos/drivent/driventAPI/src/config/database.ts","statementMap":{"0":{"start":{"line":1,"column":0},"end":{"line":1,"column":46}},"1":{"start":{"line":5,"column":2},"end":{"line":5,"column":30}},"2":{"start":{"line":4,"column":0},"end":{"line":4,"column":16}},"3":{"start":{"line":9,"column":2},"end":{"line":9,"column":30}},"4":{"start":{"line":8,"column":0},"end":{"line":8,"column":7}}},"fnMap":{"0":{"name":"connectDb","decl":{"start":{"line":4,"column":16},"end":{"line":4,"column":25}},"loc":{"start":{"line":4,"column":25},"end":{"line":6,"column":1}}},"1":{"name":"disconnectDB","decl":{"start":{"line":8,"column":22},"end":{"line":8,"column":34}},"loc":{"start":{"line":8,"column":34},"end":{"line":10,"column":1}}}},"branchMap":{},"s":{"0":11,"1":8,"2":11,"3":0,"4":11},"f":{"0":8,"1":0},"b":{}}
,"/home/crystopher/Documents/Projetos/drivent/driventAPI/src/config/envs.ts": {"path":"/home/crystopher/Documents/Projetos/drivent/driventAPI/src/config/envs.ts","statementMap":{"0":{"start":{"line":1,"column":0},"end":{"line":1,"column":28}},"1":{"start":{"line":2,"column":0},"end":{"line":2,"column":41}},"2":{"start":{"line":6,"column":4},"end":{"line":10,"column":14}},"3":{"start":{"line":12,"column":22},"end":{"line":12,"column":45}},"4":{"start":{"line":13,"column":2},"end":{"line":13,"column":35}},"5":{"start":{"line":4,"column":0},"end":{"line":4,"column":16}}},"fnMap":{"0":{"name":"loadEnv","decl":{"start":{"line":4,"column":16},"end":{"line":4,"column":23}},"loc":{"start":{"line":4,"column":23},"end":{"line":14,"column":1}}}},"branchMap":{"0":{"loc":{"start":{"line":6,"column":4},"end":{"line":10,"column":14}},"type":"cond-expr","locations":[{"start":{"line":7,"column":8},"end":{"line":7,"column":19}},{"start":{"line":8,"column":8},"end":{"line":10,"column":14}}]},"1":{"loc":{"start":{"line":8,"column":8},"end":{"line":10,"column":14}},"type":"cond-expr","locations":[{"start":{"line":9,"column":8},"end":{"line":9,"column":26}},{"start":{"line":10,"column":8},"end":{"line":10,"column":14}}]}},"s":{"0":11,"1":11,"2":19,"3":19,"4":19,"5":11},"f":{"0":19},"b":{"0":[19,0],"1":[0,0]}}
,"/home/crystopher/Documents/Projetos/drivent/driventAPI/src/config/index.ts": {"path":"/home/crystopher/Documents/Projetos/drivent/driventAPI/src/config/index.ts","statementMap":{"0":{"start":{"line":1,"column":0},"end":{"line":1,"column":23}},"1":{"start":{"line":2,"column":0},"end":{"line":2,"column":27}}},"fnMap":{},"branchMap":{},"s":{"0":11,"1":11},"f":{},"b":{}}
,"/home/crystopher/Documents/Projetos/drivent/driventAPI/src/controllers/authentication-controller.ts": {"path":"/home/crystopher/Documents/Projetos/drivent/driventAPI/src/controllers/authentication-controller.ts","statementMap":{"0":{"start":{"line":1,"column":0},"end":{"line":1,"column":88}},"1":{"start":{"line":3,"column":0},"end":{"line":3,"column":37}},"2":{"start":{"line":6,"column":30},"end":{"line":6,"column":54}},"3":{"start":{"line":8,"column":17},"end":{"line":8,"column":72}},"4":{"start":{"line":10,"column":2},"end":{"line":10,"column":41}},"5":{"start":{"line":5,"column":0},"end":{"line":5,"column":7}}},"fnMap":{"0":{"name":"singInPost","decl":{"start":{"line":5,"column":22},"end":{"line":5,"column":32}},"loc":{"start":{"line":5,"column":60},"end":{"line":11,"column":1}}}},"branchMap":{},"s":{"0":8,"1":8,"2":5,"3":5,"4":3,"5":8},"f":{"0":5},"b":{}}
,"/home/crystopher/Documents/Projetos/drivent/driventAPI/src/controllers/enrollments-controller.ts": {"path":"/home/crystopher/Documents/Projetos/drivent/driventAPI/src/controllers/enrollments-controller.ts","statementMap":{"0":{"start":{"line":2,"column":0},"end":{"line":2,"column":64}},"1":{"start":{"line":4,"column":0},"end":{"line":4,"column":37}},"2":{"start":{"line":7,"column":21},"end":{"line":7,"column":24}},"3":{"start":{"line":9,"column":32},"end":{"line":9,"column":90}},"4":{"start":{"line":11,"column":2},"end":{"line":11,"column":63}},"5":{"start":{"line":6,"column":0},"end":{"line":6,"column":7}},"6":{"start":{"line":15,"column":2},"end":{"line":18,"column":5}},"7":{"start":{"line":20,"column":2},"end":{"line":20,"column":39}},"8":{"start":{"line":14,"column":0},"end":{"line":14,"column":7}}},"fnMap":{"0":{"name":"getEnrollmentByUser","decl":{"start":{"line":6,"column":22},"end":{"line":6,"column":41}},"loc":{"start":{"line":6,"column":82},"end":{"line":12,"column":1}}},"1":{"name":"postCreateOrUpdateEnrollment","decl":{"start":{"line":14,"column":22},"end":{"line":14,"column":50}},"loc":{"start":{"line":14,"column":91},"end":{"line":21,"column":1}}}},"branchMap":{},"s":{"0":8,"1":8,"2":2,"3":2,"4":1,"5":8,"6":2,"7":2,"8":8},"f":{"0":2,"1":2},"b":{}}
,"/home/crystopher/Documents/Projetos/drivent/driventAPI/src/controllers/events-controller.ts": {"path":"/home/crystopher/Documents/Projetos/drivent/driventAPI/src/controllers/events-controller.ts","statementMap":{"0":{"start":{"line":1,"column":0},"end":{"line":1,"column":54}},"1":{"start":{"line":3,"column":0},"end":{"line":3,"column":37}},"2":{"start":{"line":6,"column":16},"end":{"line":6,"column":51}},"3":{"start":{"line":8,"column":2},"end":{"line":8,"column":47}},"4":{"start":{"line":5,"column":0},"end":{"line":5,"column":7}}},"fnMap":{"0":{"name":"getDefaultEvent","decl":{"start":{"line":5,"column":22},"end":{"line":5,"column":37}},"loc":{"start":{"line":5,"column":66},"end":{"line":9,"column":1}}}},"branchMap":{},"s":{"0":8,"1":8,"2":2,"3":1,"4":8},"f":{"0":2},"b":{}}
,"/home/crystopher/Documents/Projetos/drivent/driventAPI/src/controllers/index.ts": {"path":"/home/crystopher/Documents/Projetos/drivent/driventAPI/src/controllers/index.ts","statementMap":{"0":{"start":{"line":1,"column":0},"end":{"line":1,"column":35}},"1":{"start":{"line":2,"column":0},"end":{"line":2,"column":44}},"2":{"start":{"line":3,"column":0},"end":{"line":3,"column":36}},"3":{"start":{"line":4,"column":0},"end":{"line":4,"column":41}},"4":{"start":{"line":5,"column":0},"end":{"line":5,"column":37}}},"fnMap":{},"branchMap":{},"s":{"0":8,"1":8,"2":8,"3":8,"4":8},"f":{},"b":{}}
,"/home/crystopher/Documents/Projetos/drivent/driventAPI/src/controllers/tickets-controller.ts": {"path":"/home/crystopher/Documents/Projetos/drivent/driventAPI/src/controllers/tickets-controller.ts","statementMap":{"0":{"start":{"line":1,"column":0},"end":{"line":1,"column":56}},"1":{"start":{"line":3,"column":0},"end":{"line":3,"column":37}},"2":{"start":{"line":6,"column":18},"end":{"line":6,"column":55}},"3":{"start":{"line":8,"column":2},"end":{"line":8,"column":49}},"4":{"start":{"line":5,"column":0},"end":{"line":5,"column":7}}},"fnMap":{"0":{"name":"getTicketTypes","decl":{"start":{"line":5,"column":22},"end":{"line":5,"column":36}},"loc":{"start":{"line":5,"column":65},"end":{"line":9,"column":1}}}},"branchMap":{},"s":{"0":8,"1":8,"2":2,"3":1,"4":8},"f":{"0":2},"b":{}}
,"/home/crystopher/Documents/Projetos/drivent/driventAPI/src/controllers/users-controller.ts": {"path":"/home/crystopher/Documents/Projetos/drivent/driventAPI/src/controllers/users-controller.ts","statementMap":{"0":{"start":{"line":1,"column":0},"end":{"line":1,"column":51}},"1":{"start":{"line":3,"column":0},"end":{"line":3,"column":37}},"2":{"start":{"line":6,"column":30},"end":{"line":6,"column":38}},"3":{"start":{"line":8,"column":15},"end":{"line":8,"column":64}},"4":{"start":{"line":9,"column":2},"end":{"line":12,"column":5}},"5":{"start":{"line":5,"column":0},"end":{"line":5,"column":7}}},"fnMap":{"0":{"name":"usersPost","decl":{"start":{"line":5,"column":22},"end":{"line":5,"column":31}},"loc":{"start":{"line":5,"column":59},"end":{"line":13,"column":1}}}},"branchMap":{},"s":{"0":8,"1":8,"2":6,"3":6,"4":2,"5":8},"f":{"0":6},"b":{}}
,"/home/crystopher/Documents/Projetos/drivent/driventAPI/src/errors/cannot-enroll-before-start-date-error.ts": {"path":"/home/crystopher/Documents/Projetos/drivent/driventAPI/src/errors/cannot-enroll-before-start-date-error.ts","statementMap":{"0":{"start":{"line":4,"column":2},"end":{"line":7,"column":4}},"1":{"start":{"line":3,"column":0},"end":{"line":3,"column":16}}},"fnMap":{"0":{"name":"cannotEnrollBeforeStartDateError","decl":{"start":{"line":3,"column":16},"end":{"line":3,"column":48}},"loc":{"start":{"line":3,"column":48},"end":{"line":8,"column":1}}}},"branchMap":{},"s":{"0":6,"1":8},"f":{"0":6},"b":{}}
,"/home/crystopher/Documents/Projetos/drivent/driventAPI/src/errors/conflict-error.ts": {"path":"/home/crystopher/Documents/Projetos/drivent/driventAPI/src/errors/conflict-error.ts","statementMap":{"0":{"start":{"line":4,"column":2},"end":{"line":7,"column":4}},"1":{"start":{"line":3,"column":0},"end":{"line":3,"column":16}}},"fnMap":{"0":{"name":"conflictError","decl":{"start":{"line":3,"column":16},"end":{"line":3,"column":29}},"loc":{"start":{"line":3,"column":45},"end":{"line":8,"column":1}}}},"branchMap":{},"s":{"0":0,"1":8},"f":{"0":0},"b":{}}
,"/home/crystopher/Documents/Projetos/drivent/driventAPI/src/errors/index.ts": {"path":"/home/crystopher/Documents/Projetos/drivent/driventAPI/src/errors/index.ts","statementMap":{"0":{"start":{"line":1,"column":0},"end":{"line":1,"column":56}},"1":{"start":{"line":2,"column":0},"end":{"line":2,"column":33}},"2":{"start":{"line":3,"column":0},"end":{"line":3,"column":37}},"3":{"start":{"line":4,"column":0},"end":{"line":4,"column":38}},"4":{"start":{"line":5,"column":0},"end":{"line":5,"column":34}},"5":{"start":{"line":6,"column":0},"end":{"line":6,"column":37}}},"fnMap":{},"branchMap":{},"s":{"0":8,"1":8,"2":8,"3":8,"4":8,"5":8},"f":{},"b":{}}
,"/home/crystopher/Documents/Projetos/drivent/driventAPI/src/errors/invalid-data-error.ts": {"path":"/home/crystopher/Documents/Projetos/drivent/driventAPI/src/errors/invalid-data-error.ts","statementMap":{"0":{"start":{"line":4,"column":2},"end":{"line":8,"column":4}},"1":{"start":{"line":3,"column":0},"end":{"line":3,"column":16}}},"fnMap":{"0":{"name":"invalidDataError","decl":{"start":{"line":3,"column":16},"end":{"line":3,"column":32}},"loc":{"start":{"line":3,"column":50},"end":{"line":9,"column":1}}}},"branchMap":{},"s":{"0":6,"1":8},"f":{"0":6},"b":{}}
,"/home/crystopher/Documents/Projetos/drivent/driventAPI/src/errors/invalid-email-error.ts": {"path":"/home/crystopher/Documents/Projetos/drivent/driventAPI/src/errors/invalid-email-error.ts","statementMap":{"0":{"start":{"line":4,"column":2},"end":{"line":8,"column":4}},"1":{"start":{"line":3,"column":0},"end":{"line":3,"column":16}}},"fnMap":{"0":{"name":"invalidEmailError","decl":{"start":{"line":3,"column":16},"end":{"line":3,"column":33}},"loc":{"start":{"line":3,"column":47},"end":{"line":9,"column":1}}}},"branchMap":{},"s":{"0":0,"1":8},"f":{"0":0},"b":{}}
,"/home/crystopher/Documents/Projetos/drivent/driventAPI/src/errors/not-found-error.ts": {"path":"/home/crystopher/Documents/Projetos/drivent/driventAPI/src/errors/not-found-error.ts","statementMap":{"0":{"start":{"line":4,"column":2},"end":{"line":7,"column":4}},"1":{"start":{"line":3,"column":0},"end":{"line":3,"column":16}}},"fnMap":{"0":{"name":"notFoundError","decl":{"start":{"line":3,"column":16},"end":{"line":3,"column":29}},"loc":{"start":{"line":3,"column":29},"end":{"line":8,"column":1}}}},"branchMap":{},"s":{"0":3,"1":8},"f":{"0":3},"b":{}}
,"/home/crystopher/Documents/Projetos/drivent/driventAPI/src/errors/unauthorized-error.ts": {"path":"/home/crystopher/Documents/Projetos/drivent/driventAPI/src/errors/unauthorized-error.ts","statementMap":{"0":{"start":{"line":4,"column":2},"end":{"line":7,"column":4}},"1":{"start":{"line":3,"column":0},"end":{"line":3,"column":16}}},"fnMap":{"0":{"name":"unauthorizedError","decl":{"start":{"line":3,"column":16},"end":{"line":3,"column":33}},"loc":{"start":{"line":3,"column":33},"end":{"line":8,"column":1}}}},"branchMap":{},"s":{"0":9,"1":8},"f":{"0":9},"b":{}}
,"/home/crystopher/Documents/Projetos/drivent/driventAPI/src/middlewares/authentication-middleware.ts": {"path":"/home/crystopher/Documents/Projetos/drivent/driventAPI/src/middlewares/authentication-middleware.ts","statementMap":{"0":{"start":{"line":2,"column":0},"end":{"line":2,"column":37}},"1":{"start":{"line":3,"column":0},"end":{"line":3,"column":36}},"2":{"start":{"line":5,"column":0},"end":{"line":5,"column":45}},"3":{"start":{"line":6,"column":0},"end":{"line":6,"column":34}},"4":{"start":{"line":9,"column":21},"end":{"line":9,"column":48}},"5":{"start":{"line":10,"column":2},"end":{"line":10,"column":60}},"6":{"start":{"line":10,"column":19},"end":{"line":10,"column":60}},"7":{"start":{"line":12,"column":16},"end":{"line":12,"column":40}},"8":{"start":{"line":13,"column":2},"end":{"line":13,"column":55}},"9":{"start":{"line":13,"column":14},"end":{"line":13,"column":55}},"10":{"start":{"line":15,"column":2},"end":{"line":30,"column":null}},"11":{"start":{"line":16,"column":23},"end":{"line":16,"column":78}},"12":{"start":{"line":18,"column":20},"end":{"line":22,"column":6}},"13":{"start":{"line":23,"column":4},"end":{"line":23,"column":59}},"14":{"start":{"line":23,"column":18},"end":{"line":23,"column":59}},"15":{"start":{"line":25,"column":4},"end":{"line":25,"column":24}},"16":{"start":{"line":27,"column":4},"end":{"line":27,"column":18}},"17":{"start":{"line":29,"column":4},"end":{"line":29,"column":45}},"18":{"start":{"line":8,"column":0},"end":{"line":8,"column":7}},"19":{"start":{"line":34,"column":2},"end":{"line":34,"column":64}}},"fnMap":{"0":{"name":"authenticateToken","decl":{"start":{"line":8,"column":22},"end":{"line":8,"column":39}},"loc":{"start":{"line":8,"column":100},"end":{"line":31,"column":1}}},"1":{"name":"generateUnauthorizedResponse","decl":{"start":{"line":33,"column":9},"end":{"line":33,"column":37}},"loc":{"start":{"line":33,"column":51},"end":{"line":35,"column":1}}}},"branchMap":{"0":{"loc":{"start":{"line":10,"column":2},"end":{"line":10,"column":60}},"type":"if","locations":[{"start":{"line":10,"column":2},"end":{"line":10,"column":60}}]},"1":{"loc":{"start":{"line":13,"column":2},"end":{"line":13,"column":55}},"type":"if","locations":[{"start":{"line":13,"column":2},"end":{"line":13,"column":55}}]},"2":{"loc":{"start":{"line":23,"column":4},"end":{"line":23,"column":59}},"type":"if","locations":[{"start":{"line":23,"column":4},"end":{"line":23,"column":59}}]}},"s":{"0":8,"1":8,"2":8,"3":8,"4":17,"5":17,"6":3,"7":14,"8":14,"9":0,"10":14,"11":14,"12":11,"13":11,"14":3,"15":8,"16":8,"17":3,"18":8,"19":9},"f":{"0":17,"1":9},"b":{"0":[3],"1":[0],"2":[3]}}
,"/home/crystopher/Documents/Projetos/drivent/driventAPI/src/middlewares/error-handling-middleware.ts": {"path":"/home/crystopher/Documents/Projetos/drivent/driventAPI/src/middlewares/error-handling-middleware.ts","statementMap":{"0":{"start":{"line":3,"column":0},"end":{"line":3,"column":37}},"1":{"start":{"line":11,"column":2},"end":{"line":15,"column":null}},"2":{"start":{"line":12,"column":4},"end":{"line":14,"column":7}},"3":{"start":{"line":17,"column":2},"end":{"line":21,"column":null}},"4":{"start":{"line":18,"column":4},"end":{"line":20,"column":7}},"5":{"start":{"line":23,"column":2},"end":{"line":27,"column":null}},"6":{"start":{"line":24,"column":4},"end":{"line":26,"column":7}},"7":{"start":{"line":29,"column":2},"end":{"line":33,"column":null}},"8":{"start":{"line":30,"column":4},"end":{"line":32,"column":7}},"9":{"start":{"line":36,"column":2},"end":{"line":36,"column":21}},"10":{"start":{"line":37,"column":2},"end":{"line":40,"column":5}},"11":{"start":{"line":5,"column":0},"end":{"line":5,"column":16}}},"fnMap":{"0":{"name":"handleApplicationErrors","decl":{"start":{"line":5,"column":16},"end":{"line":5,"column":39}},"loc":{"start":{"line":9,"column":21},"end":{"line":41,"column":1}}}},"branchMap":{"0":{"loc":{"start":{"line":11,"column":2},"end":{"line":15,"column":null}},"type":"if","locations":[{"start":{"line":11,"column":2},"end":{"line":15,"column":null}}]},"1":{"loc":{"start":{"line":17,"column":2},"end":{"line":21,"column":null}},"type":"if","locations":[{"start":{"line":17,"column":2},"end":{"line":21,"column":null}}]},"2":{"loc":{"start":{"line":17,"column":6},"end":{"line":17,"column":73}},"type":"binary-expr","locations":[{"start":{"line":17,"column":6},"end":{"line":17,"column":34}},{"start":{"line":17,"column":38},"end":{"line":17,"column":73}}]},"3":{"loc":{"start":{"line":23,"column":2},"end":{"line":27,"column":null}},"type":"if","locations":[{"start":{"line":23,"column":2},"end":{"line":27,"column":null}}]},"4":{"loc":{"start":{"line":29,"column":2},"end":{"line":33,"column":null}},"type":"if","locations":[{"start":{"line":29,"column":2},"end":{"line":33,"column":null}}]}},"s":{"0":8,"1":9,"2":3,"3":6,"4":1,"5":5,"6":2,"7":3,"8":3,"9":0,"10":0,"11":8},"f":{"0":9},"b":{"0":[3],"1":[1],"2":[6,6],"3":[2],"4":[3]}}
,"/home/crystopher/Documents/Projetos/drivent/driventAPI/src/middlewares/index.ts": {"path":"/home/crystopher/Documents/Projetos/drivent/driventAPI/src/middlewares/index.ts","statementMap":{"0":{"start":{"line":1,"column":0},"end":{"line":1,"column":44}},"1":{"start":{"line":2,"column":0},"end":{"line":2,"column":40}},"2":{"start":{"line":3,"column":0},"end":{"line":3,"column":44}}},"fnMap":{},"branchMap":{},"s":{"0":8,"1":8,"2":8},"f":{},"b":{}}
,"/home/crystopher/Documents/Projetos/drivent/driventAPI/src/middlewares/validation-middleware.ts": {"path":"/home/crystopher/Documents/Projetos/drivent/driventAPI/src/middlewares/validation-middleware.ts","statementMap":{"0":{"start":{"line":1,"column":0},"end":{"line":1,"column":44}},"1":{"start":{"line":3,"column":0},"end":{"line":3,"column":37}},"2":{"start":{"line":7,"column":2},"end":{"line":7,"column":34}},"3":{"start":{"line":6,"column":0},"end":{"line":6,"column":16}},"4":{"start":{"line":11,"column":2},"end":{"line":11,"column":36}},"5":{"start":{"line":10,"column":0},"end":{"line":10,"column":16}},"6":{"start":{"line":15,"column":2},"end":{"line":25,"column":4}},"7":{"start":{"line":16,"column":22},"end":{"line":18,"column":6}},"8":{"start":{"line":20,"column":4},"end":{"line":24,"column":null}},"9":{"start":{"line":21,"column":6},"end":{"line":21,"column":13}},"10":{"start":{"line":23,"column":6},"end":{"line":23,"column":101}},"11":{"start":{"line":23,"column":88},"end":{"line":23,"column":97}}},"fnMap":{"0":{"name":"validateBody","decl":{"start":{"line":6,"column":16},"end":{"line":6,"column":28}},"loc":{"start":{"line":6,"column":55},"end":{"line":8,"column":1}}},"1":{"name":"validateParams","decl":{"start":{"line":10,"column":16},"end":{"line":10,"column":30}},"loc":{"start":{"line":10,"column":57},"end":{"line":12,"column":1}}},"2":{"name":"validate","decl":{"start":{"line":14,"column":9},"end":{"line":14,"column":17}},"loc":{"start":{"line":14,"column":63},"end":{"line":26,"column":1}}},"3":{"name":"(anonymous_4)","decl":{"start":{"line":15,"column":9},"end":{"line":15,"column":10}},"loc":{"start":{"line":15,"column":61},"end":{"line":25,"column":3}}},"4":{"name":"(anonymous_5)","decl":{"start":{"line":23,"column":81},"end":{"line":23,"column":82}},"loc":{"start":{"line":23,"column":88},"end":{"line":23,"column":97}}}},"branchMap":{"0":{"loc":{"start":{"line":20,"column":4},"end":{"line":24,"column":null}},"type":"if","locations":[{"start":{"line":20,"column":4},"end":{"line":24,"column":null}},{"start":{"line":22,"column":11},"end":{"line":24,"column":null}}]}},"s":{"0":8,"1":8,"2":24,"3":8,"4":0,"5":8,"6":24,"7":19,"8":19,"9":13,"10":6,"11":21},"f":{"0":24,"1":0,"2":24,"3":19,"4":21},"b":{"0":[13,6]}}
,"/home/crystopher/Documents/Projetos/drivent/driventAPI/src/repositories/address-repository/index.ts": {"path":"/home/crystopher/Documents/Projetos/drivent/driventAPI/src/repositories/address-repository/index.ts","statementMap":{"0":{"start":{"line":1,"column":0},"end":{"line":1,"column":34}},"1":{"start":{"line":5,"column":2},"end":{"line":14,"column":5}},"2":{"start":{"line":20,"column":26},"end":{"line":22,"column":2}},"3":{"start":{"line":24,"column":0},"end":{"line":24,"column":33}}},"fnMap":{"0":{"name":"upsert","decl":{"start":{"line":4,"column":15},"end":{"line":4,"column":21}},"loc":{"start":{"line":4,"column":116},"end":{"line":15,"column":1}}}},"branchMap":{},"s":{"0":8,"1":2,"2":8,"3":8},"f":{"0":2},"b":{}}
,"/home/crystopher/Documents/Projetos/drivent/driventAPI/src/repositories/enrollment-repository/index.ts": {"path":"/home/crystopher/Documents/Projetos/drivent/driventAPI/src/repositories/enrollment-repository/index.ts","statementMap":{"0":{"start":{"line":1,"column":0},"end":{"line":1,"column":34}},"1":{"start":{"line":5,"column":2},"end":{"line":10,"column":5}},"2":{"start":{"line":18,"column":2},"end":{"line":24,"column":5}},"3":{"start":{"line":30,"column":29},"end":{"line":33,"column":2}},"4":{"start":{"line":35,"column":0},"end":{"line":35,"column":36}}},"fnMap":{"0":{"name":"findWithAddressByUserId","decl":{"start":{"line":4,"column":15},"end":{"line":4,"column":38}},"loc":{"start":{"line":4,"column":53},"end":{"line":11,"column":1}}},"1":{"name":"upsert","decl":{"start":{"line":13,"column":15},"end":{"line":13,"column":21}},"loc":{"start":{"line":16,"column":43},"end":{"line":25,"column":1}}}},"branchMap":{},"s":{"0":8,"1":2,"2":2,"3":8,"4":8},"f":{"0":2,"1":2},"b":{}}
,"/home/crystopher/Documents/Projetos/drivent/driventAPI/src/repositories/event-repository/index.ts": {"path":"/home/crystopher/Documents/Projetos/drivent/driventAPI/src/repositories/event-repository/index.ts","statementMap":{"0":{"start":{"line":1,"column":0},"end":{"line":1,"column":34}},"1":{"start":{"line":4,"column":2},"end":{"line":4,"column":34}},"2":{"start":{"line":7,"column":24},"end":{"line":9,"column":2}},"3":{"start":{"line":11,"column":0},"end":{"line":11,"column":31}}},"fnMap":{"0":{"name":"findFirst","decl":{"start":{"line":3,"column":15},"end":{"line":3,"column":24}},"loc":{"start":{"line":3,"column":24},"end":{"line":5,"column":1}}}},"branchMap":{},"s":{"0":8,"1":11,"2":8,"3":8},"f":{"0":11},"b":{}}
,"/home/crystopher/Documents/Projetos/drivent/driventAPI/src/repositories/session-repository/index.ts": {"path":"/home/crystopher/Documents/Projetos/drivent/driventAPI/src/repositories/session-repository/index.ts","statementMap":{"0":{"start":{"line":1,"column":0},"end":{"line":1,"column":34}},"1":{"start":{"line":5,"column":2},"end":{"line":7,"column":5}},"2":{"start":{"line":10,"column":26},"end":{"line":12,"column":2}},"3":{"start":{"line":14,"column":0},"end":{"line":14,"column":33}}},"fnMap":{"0":{"name":"create","decl":{"start":{"line":4,"column":15},"end":{"line":4,"column":21}},"loc":{"start":{"line":4,"column":62},"end":{"line":8,"column":1}}}},"branchMap":{},"s":{"0":8,"1":5,"2":8,"3":8},"f":{"0":5},"b":{}}
,"/home/crystopher/Documents/Projetos/drivent/driventAPI/src/repositories/ticket-repository/index.ts": {"path":"/home/crystopher/Documents/Projetos/drivent/driventAPI/src/repositories/ticket-repository/index.ts","statementMap":{"0":{"start":{"line":1,"column":0},"end":{"line":1,"column":34}},"1":{"start":{"line":4,"column":2},"end":{"line":4,"column":34}},"2":{"start":{"line":7,"column":25},"end":{"line":9,"column":2}},"3":{"start":{"line":11,"column":0},"end":{"line":11,"column":32}}},"fnMap":{"0":{"name":"find","decl":{"start":{"line":3,"column":15},"end":{"line":3,"column":19}},"loc":{"start":{"line":3,"column":19},"end":{"line":5,"column":1}}}},"branchMap":{},"s":{"0":8,"1":2,"2":8,"3":8},"f":{"0":2},"b":{}}
,"/home/crystopher/Documents/Projetos/drivent/driventAPI/src/repositories/user-repository/index.ts": {"path":"/home/crystopher/Documents/Projetos/drivent/driventAPI/src/repositories/user-repository/index.ts","statementMap":{"0":{"start":{"line":1,"column":0},"end":{"line":1,"column":34}},"1":{"start":{"line":5,"column":44},"end":{"line":9,"column":4}},"2":{"start":{"line":11,"column":2},"end":{"line":13,"column":null}},"3":{"start":{"line":12,"column":4},"end":{"line":12,"column":27}},"4":{"start":{"line":15,"column":2},"end":{"line":15,"column":40}},"5":{"start":{"line":19,"column":2},"end":{"line":21,"column":5}},"6":{"start":{"line":24,"column":23},"end":{"line":27,"column":2}},"7":{"start":{"line":29,"column":0},"end":{"line":29,"column":30}}},"fnMap":{"0":{"name":"findByEmail","decl":{"start":{"line":4,"column":15},"end":{"line":4,"column":26}},"loc":{"start":{"line":4,"column":68},"end":{"line":16,"column":1}}},"1":{"name":"create","decl":{"start":{"line":18,"column":15},"end":{"line":18,"column":21}},"loc":{"start":{"line":18,"column":59},"end":{"line":22,"column":1}}}},"branchMap":{"0":{"loc":{"start":{"line":11,"column":2},"end":{"line":13,"column":null}},"type":"if","locations":[{"start":{"line":11,"column":2},"end":{"line":13,"column":null}}]}},"s":{"0":8,"1":12,"2":12,"3":9,"4":12,"5":2,"6":8,"7":8},"f":{"0":12,"1":2},"b":{"0":[9]}}
,"/home/crystopher/Documents/Projetos/drivent/driventAPI/src/routers/authentication-router.ts": {"path":"/home/crystopher/Documents/Projetos/drivent/driventAPI/src/routers/authentication-router.ts","statementMap":{"0":{"start":{"line":1,"column":0},"end":{"line":1,"column":43}},"1":{"start":{"line":2,"column":0},"end":{"line":2,"column":45}},"2":{"start":{"line":3,"column":0},"end":{"line":3,"column":41}},"3":{"start":{"line":4,"column":0},"end":{"line":4,"column":33}},"4":{"start":{"line":6,"column":29},"end":{"line":6,"column":37}},"5":{"start":{"line":10,"column":9},"end":{"line":10,"column":29}},"6":{"start":{"line":8,"column":0},"end":{"line":8,"column":78}}},"fnMap":{},"branchMap":{},"s":{"0":8,"1":8,"2":8,"3":8,"4":8,"5":8,"6":8},"f":{},"b":{}}
,"/home/crystopher/Documents/Projetos/drivent/driventAPI/src/routers/enrollments-router.ts": {"path":"/home/crystopher/Documents/Projetos/drivent/driventAPI/src/routers/enrollments-router.ts","statementMap":{"0":{"start":{"line":1,"column":0},"end":{"line":1,"column":33}},"1":{"start":{"line":2,"column":0},"end":{"line":2,"column":64}},"2":{"start":{"line":3,"column":0},"end":{"line":3,"column":82}},"3":{"start":{"line":4,"column":0},"end":{"line":4,"column":51}},"4":{"start":{"line":6,"column":26},"end":{"line":6,"column":34}},"5":{"start":{"line":13,"column":9},"end":{"line":13,"column":26}},"6":{"start":{"line":8,"column":0},"end":{"line":11,"column":81}}},"fnMap":{},"branchMap":{},"s":{"0":8,"1":8,"2":8,"3":8,"4":8,"5":8,"6":8},"f":{},"b":{}}
,"/home/crystopher/Documents/Projetos/drivent/driventAPI/src/routers/events-router.ts": {"path":"/home/crystopher/Documents/Projetos/drivent/driventAPI/src/routers/events-router.ts","statementMap":{"0":{"start":{"line":1,"column":0},"end":{"line":1,"column":33}},"1":{"start":{"line":2,"column":0},"end":{"line":2,"column":48}},"2":{"start":{"line":4,"column":21},"end":{"line":4,"column":29}},"3":{"start":{"line":8,"column":9},"end":{"line":8,"column":21}},"4":{"start":{"line":6,"column":0},"end":{"line":6,"column":39}}},"fnMap":{},"branchMap":{},"s":{"0":8,"1":8,"2":8,"3":8,"4":8},"f":{},"b":{}}
,"/home/crystopher/Documents/Projetos/drivent/driventAPI/src/routers/index.ts": {"path":"/home/crystopher/Documents/Projetos/drivent/driventAPI/src/routers/index.ts","statementMap":{"0":{"start":{"line":1,"column":0},"end":{"line":1,"column":31}},"1":{"start":{"line":2,"column":0},"end":{"line":2,"column":40}},"2":{"start":{"line":3,"column":0},"end":{"line":3,"column":32}},"3":{"start":{"line":4,"column":0},"end":{"line":4,"column":37}},"4":{"start":{"line":5,"column":0},"end":{"line":5,"column":32}}},"fnMap":{},"branchMap":{},"s":{"0":8,"1":8,"2":8,"3":8,"4":8},"f":{},"b":{}}
,"/home/crystopher/Documents/Projetos/drivent/driventAPI/src/routers/ticket-router.ts": {"path":"/home/crystopher/Documents/Projetos/drivent/driventAPI/src/routers/ticket-router.ts","statementMap":{"0":{"start":{"line":1,"column":0},"end":{"line":1,"column":33}},"1":{"start":{"line":2,"column":0},"end":{"line":2,"column":47}},"2":{"start":{"line":3,"column":0},"end":{"line":3,"column":50}},"3":{"start":{"line":5,"column":22},"end":{"line":5,"column":30}},"4":{"start":{"line":9,"column":9},"end":{"line":9,"column":22}},"5":{"start":{"line":7,"column":0},"end":{"line":7,"column":68}}},"fnMap":{},"branchMap":{},"s":{"0":8,"1":8,"2":8,"3":8,"4":8,"5":8},"f":{},"b":{}}
,"/home/crystopher/Documents/Projetos/drivent/driventAPI/src/routers/users-router.ts": {"path":"/home/crystopher/Documents/Projetos/drivent/driventAPI/src/routers/users-router.ts","statementMap":{"0":{"start":{"line":1,"column":0},"end":{"line":1,"column":33}},"1":{"start":{"line":3,"column":0},"end":{"line":3,"column":45}},"2":{"start":{"line":4,"column":0},"end":{"line":4,"column":45}},"3":{"start":{"line":5,"column":0},"end":{"line":5,"column":42}},"4":{"start":{"line":7,"column":20},"end":{"line":7,"column":28}},"5":{"start":{"line":11,"column":9},"end":{"line":11,"column":20}},"6":{"start":{"line":9,"column":0},"end":{"line":9,"column":65}}},"fnMap":{},"branchMap":{},"s":{"0":8,"1":8,"2":8,"3":8,"4":8,"5":8,"6":8},"f":{},"b":{}}
,"/home/crystopher/Documents/Projetos/drivent/driventAPI/src/schemas/authentication-schemas.ts": {"path":"/home/crystopher/Documents/Projetos/drivent/driventAPI/src/schemas/authentication-schemas.ts","statementMap":{"0":{"start":{"line":2,"column":0},"end":{"line":2,"column":22}},"1":{"start":{"line":4,"column":13},"end":{"line":7,"column":3}}},"fnMap":{},"branchMap":{},"s":{"0":11,"1":11},"f":{},"b":{}}
,"/home/crystopher/Documents/Projetos/drivent/driventAPI/src/schemas/enrollments-schemas.ts": {"path":"/home/crystopher/Documents/Projetos/drivent/driventAPI/src/schemas/enrollments-schemas.ts","statementMap":{"0":{"start":{"line":2,"column":0},"end":{"line":2,"column":105}},"1":{"start":{"line":3,"column":0},"end":{"line":3,"column":22}},"2":{"start":{"line":5,"column":28},"end":{"line":5,"column":87}},"3":{"start":{"line":7,"column":28},"end":{"line":7,"column":86}},"4":{"start":{"line":9,"column":36},"end":{"line":9,"column":108}},"5":{"start":{"line":11,"column":13},"end":{"line":28,"column":3}},"6":{"start":{"line":23,"column":39},"end":{"line":23,"column":45}},"7":{"start":{"line":31,"column":2},"end":{"line":31,"column":27}},"8":{"start":{"line":31,"column":14},"end":{"line":31,"column":27}},"9":{"start":{"line":33,"column":2},"end":{"line":35,"column":null}},"10":{"start":{"line":34,"column":4},"end":{"line":34,"column":40}},"11":{"start":{"line":37,"column":2},"end":{"line":37,"column":15}},"12":{"start":{"line":41,"column":2},"end":{"line":41,"column":27}},"13":{"start":{"line":41,"column":14},"end":{"line":41,"column":27}},"14":{"start":{"line":43,"column":2},"end":{"line":45,"column":null}},"15":{"start":{"line":44,"column":4},"end":{"line":44,"column":40}},"16":{"start":{"line":47,"column":2},"end":{"line":47,"column":15}},"17":{"start":{"line":51,"column":2},"end":{"line":51,"column":27}},"18":{"start":{"line":51,"column":14},"end":{"line":51,"column":27}},"19":{"start":{"line":53,"column":2},"end":{"line":55,"column":null}},"20":{"start":{"line":54,"column":4},"end":{"line":54,"column":40}},"21":{"start":{"line":57,"column":2},"end":{"line":57,"column":15}}},"fnMap":{"0":{"name":"(anonymous_1)","decl":{"start":{"line":23,"column":32},"end":{"line":23,"column":33}},"loc":{"start":{"line":23,"column":39},"end":{"line":23,"column":45}}},"1":{"name":"joiCpfValidation","decl":{"start":{"line":30,"column":9},"end":{"line":30,"column":25}},"loc":{"start":{"line":30,"column":75},"end":{"line":38,"column":1}}},"2":{"name":"JoiCepValidation","decl":{"start":{"line":40,"column":9},"end":{"line":40,"column":25}},"loc":{"start":{"line":40,"column":75},"end":{"line":48,"column":1}}},"3":{"name":"joiMobilePhoneValidation","decl":{"start":{"line":50,"column":9},"end":{"line":50,"column":33}},"loc":{"start":{"line":50,"column":83},"end":{"line":58,"column":1}}}},"branchMap":{"0":{"loc":{"start":{"line":31,"column":2},"end":{"line":31,"column":27}},"type":"if","locations":[{"start":{"line":31,"column":2},"end":{"line":31,"column":27}}]},"1":{"loc":{"start":{"line":33,"column":2},"end":{"line":35,"column":null}},"type":"if","locations":[{"start":{"line":33,"column":2},"end":{"line":35,"column":null}}]},"2":{"loc":{"start":{"line":41,"column":2},"end":{"line":41,"column":27}},"type":"if","locations":[{"start":{"line":41,"column":2},"end":{"line":41,"column":27}}]},"3":{"loc":{"start":{"line":43,"column":2},"end":{"line":45,"column":null}},"type":"if","locations":[{"start":{"line":43,"column":2},"end":{"line":45,"column":null}}]},"4":{"loc":{"start":{"line":51,"column":2},"end":{"line":51,"column":27}},"type":"if","locations":[{"start":{"line":51,"column":2},"end":{"line":51,"column":27}}]},"5":{"loc":{"start":{"line":53,"column":2},"end":{"line":55,"column":null}},"type":"if","locations":[{"start":{"line":53,"column":2},"end":{"line":55,"column":null}}]}},"s":{"0":11,"1":11,"2":11,"3":11,"4":11,"5":11,"6":297,"7":28,"8":0,"9":28,"10":1,"11":27,"12":18,"13":0,"14":18,"15":0,"16":18,"17":22,"18":0,"19":22,"20":0,"21":22},"f":{"0":297,"1":28,"2":18,"3":22},"b":{"0":[0],"1":[1],"2":[0],"3":[0],"4":[0],"5":[0]}}
,"/home/crystopher/Documents/Projetos/drivent/driventAPI/src/schemas/index.ts": {"path":"/home/crystopher/Documents/Projetos/drivent/driventAPI/src/schemas/index.ts","statementMap":{"0":{"start":{"line":1,"column":0},"end":{"line":1,"column":32}},"1":{"start":{"line":2,"column":0},"end":{"line":2,"column":41}},"2":{"start":{"line":3,"column":0},"end":{"line":3,"column":38}}},"fnMap":{},"branchMap":{},"s":{"0":11,"1":11,"2":11},"f":{},"b":{}}
,"/home/crystopher/Documents/Projetos/drivent/driventAPI/src/schemas/users-schemas.ts": {"path":"/home/crystopher/Documents/Projetos/drivent/driventAPI/src/schemas/users-schemas.ts","statementMap":{"0":{"start":{"line":2,"column":0},"end":{"line":2,"column":22}},"1":{"start":{"line":4,"column":13},"end":{"line":7,"column":3}}},"fnMap":{},"branchMap":{},"s":{"0":11,"1":11},"f":{},"b":{}}
,"/home/crystopher/Documents/Projetos/drivent/driventAPI/src/services/authentication-service/errors.ts": {"path":"/home/crystopher/Documents/Projetos/drivent/driventAPI/src/services/authentication-service/errors.ts","statementMap":{"0":{"start":{"line":4,"column":2},"end":{"line":7,"column":4}},"1":{"start":{"line":3,"column":0},"end":{"line":3,"column":16}}},"fnMap":{"0":{"name":"invalidCredentialsError","decl":{"start":{"line":3,"column":16},"end":{"line":3,"column":39}},"loc":{"start":{"line":3,"column":39},"end":{"line":8,"column":1}}}},"branchMap":{},"s":{"0":6,"1":8},"f":{"0":6},"b":{}}
,"/home/crystopher/Documents/Projetos/drivent/driventAPI/src/services/authentication-service/index.ts": {"path":"/home/crystopher/Documents/Projetos/drivent/driventAPI/src/services/authentication-service/index.ts","statementMap":{"0":{"start":{"line":1,"column":0},"end":{"line":1,"column":66}},"1":{"start":{"line":2,"column":0},"end":{"line":2,"column":60}},"2":{"start":{"line":3,"column":0},"end":{"line":3,"column":47}},"3":{"start":{"line":5,"column":0},"end":{"line":5,"column":28}},"4":{"start":{"line":6,"column":0},"end":{"line":6,"column":31}},"5":{"start":{"line":7,"column":0},"end":{"line":7,"column":51}},"6":{"start":{"line":10,"column":30},"end":{"line":10,"column":36}},"7":{"start":{"line":12,"column":15},"end":{"line":12,"column":41}},"8":{"start":{"line":14,"column":2},"end":{"line":14,"column":56}},"9":{"start":{"line":16,"column":16},"end":{"line":16,"column":44}},"10":{"start":{"line":18,"column":2},"end":{"line":21,"column":4}},"11":{"start":{"line":25,"column":15},"end":{"line":25,"column":97}},"12":{"start":{"line":26,"column":2},"end":{"line":26,"column":45}},"13":{"start":{"line":26,"column":13},"end":{"line":26,"column":45}},"14":{"start":{"line":28,"column":2},"end":{"line":28,"column":14}},"15":{"start":{"line":32,"column":16},"end":{"line":32,"column":60}},"16":{"start":{"line":33,"column":2},"end":{"line":36,"column":5}},"17":{"start":{"line":38,"column":2},"end":{"line":38,"column":15}},"18":{"start":{"line":42,"column":26},"end":{"line":42,"column":70}},"19":{"start":{"line":43,"column":2},"end":{"line":43,"column":56}},"20":{"start":{"line":43,"column":24},"end":{"line":43,"column":56}},"21":{"start":{"line":55,"column":30},"end":{"line":57,"column":2}},"22":{"start":{"line":59,"column":0},"end":{"line":59,"column":37}},"23":{"start":{"line":60,"column":0},"end":{"line":60,"column":25}}},"fnMap":{"0":{"name":"signIn","decl":{"start":{"line":9,"column":15},"end":{"line":9,"column":21}},"loc":{"start":{"line":9,"column":42},"end":{"line":22,"column":1}}},"1":{"name":"getUserOrFail","decl":{"start":{"line":24,"column":15},"end":{"line":24,"column":28}},"loc":{"start":{"line":24,"column":42},"end":{"line":29,"column":1}}},"2":{"name":"createSession","decl":{"start":{"line":31,"column":15},"end":{"line":31,"column":28}},"loc":{"start":{"line":31,"column":43},"end":{"line":39,"column":1}}},"3":{"name":"validatePasswordOrFail","decl":{"start":{"line":41,"column":15},"end":{"line":41,"column":37}},"loc":{"start":{"line":41,"column":76},"end":{"line":44,"column":1}}}},"branchMap":{"0":{"loc":{"start":{"line":26,"column":2},"end":{"line":26,"column":45}},"type":"if","locations":[{"start":{"line":26,"column":2},"end":{"line":26,"column":45}}]},"1":{"loc":{"start":{"line":43,"column":2},"end":{"line":43,"column":56}},"type":"if","locations":[{"start":{"line":43,"column":2},"end":{"line":43,"column":56}}]}},"s":{"0":8,"1":8,"2":8,"3":8,"4":8,"5":8,"6":9,"7":9,"8":7,"9":5,"10":5,"11":9,"12":9,"13":2,"14":7,"15":5,"16":5,"17":5,"18":7,"19":7,"20":2,"21":8,"22":8,"23":8},"f":{"0":9,"1":9,"2":5,"3":7},"b":{"0":[2],"1":[2]}}
,"/home/crystopher/Documents/Projetos/drivent/driventAPI/src/services/enrollments-service/index.ts": {"path":"/home/crystopher/Documents/Projetos/drivent/driventAPI/src/services/enrollments-service/index.ts","statementMap":{"0":{"start":{"line":1,"column":0},"end":{"line":1,"column":41}},"1":{"start":{"line":2,"column":0},"end":{"line":2,"column":91}},"2":{"start":{"line":3,"column":0},"end":{"line":3,"column":100}},"3":{"start":{"line":4,"column":0},"end":{"line":4,"column":47}},"4":{"start":{"line":8,"column":32},"end":{"line":8,"column":90}},"5":{"start":{"line":10,"column":2},"end":{"line":10,"column":52}},"6":{"start":{"line":10,"column":30},"end":{"line":10,"column":52}},"7":{"start":{"line":12,"column":25},"end":{"line":12,"column":54}},"8":{"start":{"line":13,"column":18},"end":{"line":13,"column":47}},"9":{"start":{"line":15,"column":2},"end":{"line":18,"column":4}},"10":{"start":{"line":24,"column":2},"end":{"line":24,"column":33}},"11":{"start":{"line":24,"column":21},"end":{"line":24,"column":33}},"12":{"start":{"line":26,"column":2},"end":{"line":26,"column":73}},"13":{"start":{"line":32,"column":21},"end":{"line":32,"column":47}},"14":{"start":{"line":33,"column":18},"end":{"line":33,"column":53}},"15":{"start":{"line":35,"column":24},"end":{"line":35,"column":115}},"16":{"start":{"line":37,"column":2},"end":{"line":37,"column":69}},"17":{"start":{"line":41,"column":2},"end":{"line":44,"column":4}},"18":{"start":{"line":51,"column":27},"end":{"line":54,"column":2}},"19":{"start":{"line":56,"column":0},"end":{"line":56,"column":34}}},"fnMap":{"0":{"name":"getOneWithAddressByUserId","decl":{"start":{"line":7,"column":15},"end":{"line":7,"column":40}},"loc":{"start":{"line":7,"column":55},"end":{"line":19,"column":1}}},"1":{"name":"getFirstAddress","decl":{"start":{"line":23,"column":9},"end":{"line":23,"column":24}},"loc":{"start":{"line":23,"column":46},"end":{"line":27,"column":1}}},"2":{"name":"createOrUpdateEnrollmentWithAddress","decl":{"start":{"line":31,"column":15},"end":{"line":31,"column":50}},"loc":{"start":{"line":31,"column":94},"end":{"line":38,"column":1}}},"3":{"name":"getAddressForUpsert","decl":{"start":{"line":40,"column":9},"end":{"line":40,"column":28}},"loc":{"start":{"line":40,"column":57},"end":{"line":45,"column":1}}}},"branchMap":{"0":{"loc":{"start":{"line":10,"column":2},"end":{"line":10,"column":52}},"type":"if","locations":[{"start":{"line":10,"column":2},"end":{"line":10,"column":52}}]},"1":{"loc":{"start":{"line":17,"column":8},"end":{"line":17,"column":32}},"type":"binary-expr","locations":[{"start":{"line":17,"column":8},"end":{"line":17,"column":17}},{"start":{"line":17,"column":21},"end":{"line":17,"column":32}}]},"2":{"loc":{"start":{"line":24,"column":2},"end":{"line":24,"column":33}},"type":"if","locations":[{"start":{"line":24,"column":2},"end":{"line":24,"column":33}}]},"3":{"loc":{"start":{"line":43,"column":8},"end":{"line":43,"column":74}},"type":"binary-expr","locations":[{"start":{"line":43,"column":8},"end":{"line":43,"column":30}},{"start":{"line":43,"column":34},"end":{"line":43,"column":74}}]}},"s":{"0":8,"1":8,"2":8,"3":8,"4":2,"5":2,"6":1,"7":1,"8":1,"9":1,"10":1,"11":0,"12":1,"13":2,"14":2,"15":2,"16":2,"17":2,"18":8,"19":8},"f":{"0":2,"1":1,"2":2,"3":2},"b":{"0":[1],"1":[1,1],"2":[0],"3":[2,2]}}
,"/home/crystopher/Documents/Projetos/drivent/driventAPI/src/services/events-service/index.ts": {"path":"/home/crystopher/Documents/Projetos/drivent/driventAPI/src/services/events-service/index.ts","statementMap":{"0":{"start":{"line":1,"column":0},"end":{"line":1,"column":41}},"1":{"start":{"line":2,"column":0},"end":{"line":2,"column":62}},"2":{"start":{"line":3,"column":0},"end":{"line":3,"column":47}},"3":{"start":{"line":5,"column":0},"end":{"line":5,"column":26}},"4":{"start":{"line":8,"column":16},"end":{"line":8,"column":49}},"5":{"start":{"line":9,"column":2},"end":{"line":9,"column":36}},"6":{"start":{"line":9,"column":14},"end":{"line":9,"column":36}},"7":{"start":{"line":11,"column":2},"end":{"line":11,"column":50}},"8":{"start":{"line":17,"column":16},"end":{"line":17,"column":49}},"9":{"start":{"line":18,"column":2},"end":{"line":18,"column":27}},"10":{"start":{"line":18,"column":14},"end":{"line":18,"column":27}},"11":{"start":{"line":20,"column":14},"end":{"line":20,"column":21}},"12":{"start":{"line":21,"column":24},"end":{"line":21,"column":45}},"13":{"start":{"line":22,"column":22},"end":{"line":22,"column":41}},"14":{"start":{"line":24,"column":2},"end":{"line":24,"column":65}},"15":{"start":{"line":27,"column":22},"end":{"line":30,"column":2}},"16":{"start":{"line":32,"column":0},"end":{"line":32,"column":29}}},"fnMap":{"0":{"name":"getFirstEvent","decl":{"start":{"line":7,"column":15},"end":{"line":7,"column":28}},"loc":{"start":{"line":7,"column":28},"end":{"line":12,"column":1}}},"1":{"name":"isCurrentEventActive","decl":{"start":{"line":16,"column":15},"end":{"line":16,"column":35}},"loc":{"start":{"line":16,"column":35},"end":{"line":25,"column":1}}}},"branchMap":{"0":{"loc":{"start":{"line":9,"column":2},"end":{"line":9,"column":36}},"type":"if","locations":[{"start":{"line":9,"column":2},"end":{"line":9,"column":36}}]},"1":{"loc":{"start":{"line":18,"column":2},"end":{"line":18,"column":27}},"type":"if","locations":[{"start":{"line":18,"column":2},"end":{"line":18,"column":27}}]},"2":{"loc":{"start":{"line":24,"column":9},"end":{"line":24,"column":64}},"type":"binary-expr","locations":[{"start":{"line":24,"column":9},"end":{"line":24,"column":35}},{"start":{"line":24,"column":39},"end":{"line":24,"column":64}}]}},"s":{"0":8,"1":8,"2":8,"3":8,"4":2,"5":2,"6":1,"7":1,"8":9,"9":9,"10":5,"11":4,"12":4,"13":4,"14":4,"15":8,"16":8},"f":{"0":2,"1":9},"b":{"0":[1],"1":[5],"2":[4,3]}}
,"/home/crystopher/Documents/Projetos/drivent/driventAPI/src/services/tickets-service/index.ts": {"path":"/home/crystopher/Documents/Projetos/drivent/driventAPI/src/services/tickets-service/index.ts","statementMap":{"0":{"start":{"line":1,"column":0},"end":{"line":1,"column":41}},"1":{"start":{"line":2,"column":0},"end":{"line":2,"column":64}},"2":{"start":{"line":6,"column":18},"end":{"line":6,"column":47}},"3":{"start":{"line":7,"column":2},"end":{"line":7,"column":50}},"4":{"start":{"line":7,"column":28},"end":{"line":7,"column":50}},"5":{"start":{"line":9,"column":2},"end":{"line":9,"column":17}},"6":{"start":{"line":12,"column":23},"end":{"line":14,"column":2}},"7":{"start":{"line":16,"column":0},"end":{"line":16,"column":30}}},"fnMap":{"0":{"name":"getTicketTypes","decl":{"start":{"line":5,"column":15},"end":{"line":5,"column":29}},"loc":{"start":{"line":5,"column":29},"end":{"line":10,"column":1}}}},"branchMap":{"0":{"loc":{"start":{"line":7,"column":2},"end":{"line":7,"column":50}},"type":"if","locations":[{"start":{"line":7,"column":2},"end":{"line":7,"column":50}}]}},"s":{"0":8,"1":8,"2":2,"3":2,"4":1,"5":1,"6":8,"7":8},"f":{"0":2},"b":{"0":[1]}}
,"/home/crystopher/Documents/Projetos/drivent/driventAPI/src/services/users-service/errors.ts": {"path":"/home/crystopher/Documents/Projetos/drivent/driventAPI/src/services/users-service/errors.ts","statementMap":{"0":{"start":{"line":4,"column":2},"end":{"line":7,"column":4}},"1":{"start":{"line":3,"column":0},"end":{"line":3,"column":16}}},"fnMap":{"0":{"name":"duplicatedEmailError","decl":{"start":{"line":3,"column":16},"end":{"line":3,"column":36}},"loc":{"start":{"line":3,"column":36},"end":{"line":8,"column":1}}}},"branchMap":{},"s":{"0":3,"1":8},"f":{"0":3},"b":{}}
,"/home/crystopher/Documents/Projetos/drivent/driventAPI/src/services/users-service/index.ts": {"path":"/home/crystopher/Documents/Projetos/drivent/driventAPI/src/services/users-service/index.ts","statementMap":{"0":{"start":{"line":1,"column":0},"end":{"line":1,"column":60}},"1":{"start":{"line":2,"column":0},"end":{"line":2,"column":60}},"2":{"start":{"line":4,"column":0},"end":{"line":4,"column":28}},"3":{"start":{"line":5,"column":0},"end":{"line":5,"column":46}},"4":{"start":{"line":6,"column":0},"end":{"line":6,"column":48}},"5":{"start":{"line":9,"column":2},"end":{"line":9,"column":26}},"6":{"start":{"line":11,"column":2},"end":{"line":11,"column":41}},"7":{"start":{"line":13,"column":25},"end":{"line":13,"column":56}},"8":{"start":{"line":14,"column":2},"end":{"line":17,"column":5}},"9":{"start":{"line":8,"column":0},"end":{"line":8,"column":7}},"10":{"start":{"line":21,"column":28},"end":{"line":21,"column":67}},"11":{"start":{"line":22,"column":2},"end":{"line":24,"column":null}},"12":{"start":{"line":23,"column":4},"end":{"line":23,"column":33}},"13":{"start":{"line":28,"column":20},"end":{"line":28,"column":62}},"14":{"start":{"line":29,"column":2},"end":{"line":31,"column":null}},"15":{"start":{"line":30,"column":4},"end":{"line":30,"column":45}},"16":{"start":{"line":36,"column":20},"end":{"line":38,"column":2}},"17":{"start":{"line":40,"column":0},"end":{"line":40,"column":25}},"18":{"start":{"line":41,"column":0},"end":{"line":41,"column":27}}},"fnMap":{"0":{"name":"createUser","decl":{"start":{"line":8,"column":22},"end":{"line":8,"column":32}},"loc":{"start":{"line":8,"column":70},"end":{"line":18,"column":1}}},"1":{"name":"validateUniqueEmailOrFail","decl":{"start":{"line":20,"column":15},"end":{"line":20,"column":40}},"loc":{"start":{"line":20,"column":54},"end":{"line":25,"column":1}}},"2":{"name":"canEnrollOrFail","decl":{"start":{"line":27,"column":15},"end":{"line":27,"column":30}},"loc":{"start":{"line":27,"column":30},"end":{"line":32,"column":1}}}},"branchMap":{"0":{"loc":{"start":{"line":22,"column":2},"end":{"line":24,"column":null}},"type":"if","locations":[{"start":{"line":22,"column":2},"end":{"line":24,"column":null}}]},"1":{"loc":{"start":{"line":29,"column":2},"end":{"line":31,"column":null}},"type":"if","locations":[{"start":{"line":29,"column":2},"end":{"line":31,"column":null}}]}},"s":{"0":8,"1":8,"2":8,"3":8,"4":8,"5":9,"6":3,"7":2,"8":2,"9":8,"10":3,"11":3,"12":1,"13":9,"14":9,"15":6,"16":8,"17":8,"18":8},"f":{"0":9,"1":3,"2":9},"b":{"0":[1],"1":[6]}}
,"/home/crystopher/Documents/Projetos/drivent/driventAPI/src/utils/prisma-utils.ts": {"path":"/home/crystopher/Documents/Projetos/drivent/driventAPI/src/utils/prisma-utils.ts","statementMap":{"0":{"start":{"line":2,"column":20},"end":{"line":2,"column":54}},"1":{"start":{"line":3,"column":2},"end":{"line":5,"column":null}},"2":{"start":{"line":4,"column":4},"end":{"line":4,"column":26}},"3":{"start":{"line":6,"column":2},"end":{"line":6,"column":19}},"4":{"start":{"line":1,"column":0},"end":{"line":1,"column":16}}},"fnMap":{"0":{"name":"exclude","decl":{"start":{"line":1,"column":16},"end":{"line":1,"column":23}},"loc":{"start":{"line":1,"column":73},"end":{"line":7,"column":1}}}},"branchMap":{},"s":{"0":12,"1":12,"2":18,"3":12,"4":8},"f":{"0":12},"b":{}}
,"/home/crystopher/Documents/Projetos/drivent/driventAPI/tests/helpers.ts": {"path":"/home/crystopher/Documents/Projetos/drivent/driventAPI/tests/helpers.ts","statementMap":{"0":{"start":{"line":1,"column":0},"end":{"line":1,"column":36}},"1":{"start":{"line":4,"column":0},"end":{"line":4,"column":41}},"2":{"start":{"line":5,"column":0},"end":{"line":5,"column":61}},"3":{"start":{"line":6,"column":0},"end":{"line":6,"column":34}},"4":{"start":{"line":9,"column":2},"end":{"line":9,"column":37}},"5":{"start":{"line":10,"column":2},"end":{"line":10,"column":38}},"6":{"start":{"line":11,"column":2},"end":{"line":11,"column":41}},"7":{"start":{"line":12,"column":2},"end":{"line":12,"column":36}},"8":{"start":{"line":13,"column":2},"end":{"line":13,"column":38}},"9":{"start":{"line":14,"column":2},"end":{"line":14,"column":35}},"10":{"start":{"line":8,"column":0},"end":{"line":8,"column":7}},"11":{"start":{"line":18,"column":23},"end":{"line":18,"column":51}},"12":{"start":{"line":19,"column":16},"end":{"line":19,"column":77}},"13":{"start":{"line":21,"column":2},"end":{"line":21,"column":29}},"14":{"start":{"line":23,"column":2},"end":{"line":23,"column":15}},"15":{"start":{"line":17,"column":0},"end":{"line":17,"column":7}}},"fnMap":{"0":{"name":"cleanDb","decl":{"start":{"line":8,"column":22},"end":{"line":8,"column":29}},"loc":{"start":{"line":8,"column":29},"end":{"line":15,"column":1}}},"1":{"name":"generateValidToken","decl":{"start":{"line":17,"column":22},"end":{"line":17,"column":40}},"loc":{"start":{"line":17,"column":52},"end":{"line":24,"column":1}}}},"branchMap":{"0":{"loc":{"start":{"line":18,"column":23},"end":{"line":18,"column":51}},"type":"binary-expr","locations":[{"start":{"line":18,"column":23},"end":{"line":18,"column":27}},{"start":{"line":18,"column":32},"end":{"line":18,"column":50}}]}},"s":{"0":7,"1":7,"2":7,"3":7,"4":7,"5":7,"6":7,"7":7,"8":7,"9":7,"10":7,"11":8,"12":8,"13":8,"14":8,"15":7},"f":{"0":7,"1":8},"b":{"0":[8,6]}}
,"/home/crystopher/Documents/Projetos/drivent/driventAPI/tests/factories/enrollments-factory.ts": {"path":"/home/crystopher/Documents/Projetos/drivent/driventAPI/tests/factories/enrollments-factory.ts","statementMap":{"0":{"start":{"line":1,"column":0},"end":{"line":1,"column":36}},"1":{"start":{"line":2,"column":0},"end":{"line":2,"column":74}},"2":{"start":{"line":5,"column":0},"end":{"line":5,"column":45}},"3":{"start":{"line":6,"column":0},"end":{"line":6,"column":34}},"4":{"start":{"line":9,"column":23},"end":{"line":9,"column":51}},"5":{"start":{"line":11,"column":2},"end":{"line":32,"column":5}},"6":{"start":{"line":8,"column":0},"end":{"line":8,"column":7}}},"fnMap":{"0":{"name":"createEnrollmentWithAddress","decl":{"start":{"line":8,"column":22},"end":{"line":8,"column":49}},"loc":{"start":{"line":8,"column":61},"end":{"line":33,"column":1}}}},"branchMap":{"0":{"loc":{"start":{"line":9,"column":23},"end":{"line":9,"column":51}},"type":"binary-expr","locations":[{"start":{"line":9,"column":23},"end":{"line":9,"column":27}},{"start":{"line":9,"column":32},"end":{"line":9,"column":50}}]}},"s":{"0":7,"1":7,"2":7,"3":7,"4":2,"5":2,"6":7},"f":{"0":2},"b":{"0":[2,0]}}
,"/home/crystopher/Documents/Projetos/drivent/driventAPI/tests/factories/events-factory.ts": {"path":"/home/crystopher/Documents/Projetos/drivent/driventAPI/tests/factories/events-factory.ts","statementMap":{"0":{"start":{"line":1,"column":0},"end":{"line":1,"column":26}},"1":{"start":{"line":2,"column":0},"end":{"line":2,"column":36}},"2":{"start":{"line":4,"column":0},"end":{"line":4,"column":34}},"3":{"start":{"line":7,"column":2},"end":{"line":15,"column":5}},"4":{"start":{"line":6,"column":0},"end":{"line":6,"column":16}}},"fnMap":{"0":{"name":"createEvent","decl":{"start":{"line":6,"column":16},"end":{"line":6,"column":27}},"loc":{"start":{"line":6,"column":55},"end":{"line":16,"column":1}}}},"branchMap":{"0":{"loc":{"start":{"line":6,"column":28},"end":{"line":6,"column":55}},"type":"default-arg","locations":[{"start":{"line":6,"column":53},"end":{"line":6,"column":55}}]},"1":{"loc":{"start":{"line":9,"column":13},"end":{"line":9,"column":51}},"type":"binary-expr","locations":[{"start":{"line":9,"column":13},"end":{"line":9,"column":25}},{"start":{"line":9,"column":29},"end":{"line":9,"column":51}}]},"2":{"loc":{"start":{"line":10,"column":26},"end":{"line":10,"column":77}},"type":"binary-expr","locations":[{"start":{"line":10,"column":26},"end":{"line":10,"column":51}},{"start":{"line":10,"column":55},"end":{"line":10,"column":77}}]},"3":{"loc":{"start":{"line":11,"column":20},"end":{"line":11,"column":65}},"type":"binary-expr","locations":[{"start":{"line":11,"column":20},"end":{"line":11,"column":39}},{"start":{"line":11,"column":43},"end":{"line":11,"column":65}}]},"4":{"loc":{"start":{"line":12,"column":16},"end":{"line":12,"column":70}},"type":"binary-expr","locations":[{"start":{"line":12,"column":16},"end":{"line":12,"column":31}},{"start":{"line":12,"column":35},"end":{"line":12,"column":70}}]},"5":{"loc":{"start":{"line":13,"column":14},"end":{"line":13,"column":62}},"type":"binary-expr","locations":[{"start":{"line":13,"column":14},"end":{"line":13,"column":27}},{"start":{"line":13,"column":31},"end":{"line":13,"column":62}}]}},"s":{"0":7,"1":7,"2":7,"3":3,"4":7},"f":{"0":3},"b":{"0":[2],"1":[3,3],"2":[3,3],"3":[3,3],"4":[3,2],"5":[3,3]}}
,"/home/crystopher/Documents/Projetos/drivent/driventAPI/tests/factories/index.ts": {"path":"/home/crystopher/Documents/Projetos/drivent/driventAPI/tests/factories/index.ts","statementMap":{"0":{"start":{"line":1,"column":0},"end":{"line":1,"column":32}},"1":{"start":{"line":2,"column":0},"end":{"line":2,"column":33}},"2":{"start":{"line":3,"column":0},"end":{"line":3,"column":35}},"3":{"start":{"line":4,"column":0},"end":{"line":4,"column":38}}},"fnMap":{},"branchMap":{},"s":{"0":7,"1":7,"2":7,"3":7},"f":{},"b":{}}
,"/home/crystopher/Documents/Projetos/drivent/driventAPI/tests/factories/sessions-factory.ts": {"path":"/home/crystopher/Documents/Projetos/drivent/driventAPI/tests/factories/sessions-factory.ts","statementMap":{"0":{"start":{"line":2,"column":0},"end":{"line":2,"column":45}},"1":{"start":{"line":3,"column":0},"end":{"line":3,"column":34}},"2":{"start":{"line":6,"column":15},"end":{"line":6,"column":33}},"3":{"start":{"line":8,"column":2},"end":{"line":13,"column":5}},"4":{"start":{"line":5,"column":0},"end":{"line":5,"column":7}}},"fnMap":{"0":{"name":"createSession","decl":{"start":{"line":5,"column":22},"end":{"line":5,"column":35}},"loc":{"start":{"line":5,"column":49},"end":{"line":14,"column":1}}}},"branchMap":{},"s":{"0":7,"1":7,"2":8,"3":8,"4":7},"f":{"0":8},"b":{}}
,"/home/crystopher/Documents/Projetos/drivent/driventAPI/tests/factories/tickets-factory.ts": {"path":"/home/crystopher/Documents/Projetos/drivent/driventAPI/tests/factories/tickets-factory.ts","statementMap":{"0":{"start":{"line":2,"column":0},"end":{"line":2,"column":34}},"1":{"start":{"line":5,"column":2},"end":{"line":10,"column":5}},"2":{"start":{"line":4,"column":0},"end":{"line":4,"column":16}}},"fnMap":{"0":{"name":"createTicket","decl":{"start":{"line":4,"column":16},"end":{"line":4,"column":28}},"loc":{"start":{"line":4,"column":28},"end":{"line":11,"column":1}}}},"branchMap":{},"s":{"0":1,"1":1,"2":1},"f":{"0":1},"b":{}}
,"/home/crystopher/Documents/Projetos/drivent/driventAPI/tests/factories/users-factory.ts": {"path":"/home/crystopher/Documents/Projetos/drivent/driventAPI/tests/factories/users-factory.ts","statementMap":{"0":{"start":{"line":1,"column":0},"end":{"line":1,"column":28}},"1":{"start":{"line":2,"column":0},"end":{"line":2,"column":36}},"2":{"start":{"line":4,"column":0},"end":{"line":4,"column":34}},"3":{"start":{"line":7,"column":27},"end":{"line":7,"column":72}},"4":{"start":{"line":8,"column":25},"end":{"line":8,"column":64}},"5":{"start":{"line":10,"column":2},"end":{"line":15,"column":5}},"6":{"start":{"line":6,"column":0},"end":{"line":6,"column":7}}},"fnMap":{"0":{"name":"createUser","decl":{"start":{"line":6,"column":22},"end":{"line":6,"column":32}},"loc":{"start":{"line":6,"column":59},"end":{"line":16,"column":1}}}},"branchMap":{"0":{"loc":{"start":{"line":6,"column":33},"end":{"line":6,"column":59}},"type":"default-arg","locations":[{"start":{"line":6,"column":57},"end":{"line":6,"column":59}}]},"1":{"loc":{"start":{"line":7,"column":27},"end":{"line":7,"column":72}},"type":"binary-expr","locations":[{"start":{"line":7,"column":27},"end":{"line":7,"column":42}},{"start":{"line":7,"column":46},"end":{"line":7,"column":72}}]},"2":{"loc":{"start":{"line":12,"column":13},"end":{"line":12,"column":51}},"type":"binary-expr","locations":[{"start":{"line":12,"column":13},"end":{"line":12,"column":25}},{"start":{"line":12,"column":29},"end":{"line":12,"column":51}}]}},"s":{"0":7,"1":7,"2":7,"3":28,"4":28,"5":28,"6":7},"f":{"0":28},"b":{"0":[20],"1":[28,20],"2":[28,20]}}
}
