TN:
SF:src/app.ts
FN:17,(anonymous_1)
FN:25,init
FN:30,close
FNF:3
FNH:2
FNDA:1,(anonymous_1)
FNDA:8,init
FNDA:0,close
DA:1,8
DA:2,8
DA:3,8
DA:4,8
DA:6,8
DA:8,8
DA:10,8
DA:11,8
DA:13,8
DA:14,8
DA:17,1
DA:25,8
DA:26,8
DA:27,8
DA:30,8
DA:31,0
DA:34,8
LF:17
LH:16
BRF:0
BRH:0
end_of_record
TN:
SF:src/config/database.ts
FN:4,connectDb
FN:8,disconnectDB
FNF:2
FNH:1
FNDA:8,connectDb
FNDA:0,disconnectDB
DA:1,11
DA:4,11
DA:5,8
DA:8,11
DA:9,0
LF:5
LH:4
BRF:0
BRH:0
end_of_record
TN:
SF:src/config/envs.ts
FN:4,loadEnv
FNF:1
FNH:1
FNDA:19,loadEnv
DA:1,11
DA:2,11
DA:4,11
DA:6,19
DA:12,19
DA:13,19
LF:6
LH:6
BRDA:6,0,0,19
BRDA:6,0,1,0
BRDA:8,1,0,0
BRDA:8,1,1,0
BRF:4
BRH:1
end_of_record
TN:
SF:src/config/index.ts
FNF:0
FNH:0
DA:1,11
DA:2,11
LF:2
LH:2
BRF:0
BRH:0
end_of_record
TN:
SF:src/controllers/authentication-controller.ts
FN:5,singInPost
FNF:1
FNH:1
FNDA:5,singInPost
DA:1,8
DA:3,8
DA:5,8
DA:6,5
DA:8,5
DA:10,3
LF:6
LH:6
BRF:0
BRH:0
end_of_record
TN:
SF:src/controllers/enrollments-controller.ts
FN:6,getEnrollmentByUser
FN:14,postCreateOrUpdateEnrollment
FNF:2
FNH:2
FNDA:2,getEnrollmentByUser
FNDA:2,postCreateOrUpdateEnrollment
DA:2,8
DA:4,8
DA:6,8
DA:7,2
DA:9,2
DA:11,1
DA:14,8
DA:15,2
DA:20,2
LF:9
LH:9
BRF:0
BRH:0
end_of_record
TN:
SF:src/controllers/events-controller.ts
FN:5,getDefaultEvent
FNF:1
FNH:1
FNDA:2,getDefaultEvent
DA:1,8
DA:3,8
DA:5,8
DA:6,2
DA:8,1
LF:5
LH:5
BRF:0
BRH:0
end_of_record
TN:
SF:src/controllers/index.ts
FNF:0
FNH:0
DA:1,8
DA:2,8
DA:3,8
DA:4,8
DA:5,8
LF:5
LH:5
BRF:0
BRH:0
end_of_record
TN:
SF:src/controllers/tickets-controller.ts
FN:5,getTicketTypes
FNF:1
FNH:1
FNDA:2,getTicketTypes
DA:1,8
DA:3,8
DA:5,8
DA:6,2
DA:8,1
LF:5
LH:5
BRF:0
BRH:0
end_of_record
TN:
SF:src/controllers/users-controller.ts
FN:5,usersPost
FNF:1
FNH:1
FNDA:6,usersPost
DA:1,8
DA:3,8
DA:5,8
DA:6,6
DA:8,6
DA:9,2
LF:6
LH:6
BRF:0
BRH:0
end_of_record
TN:
SF:src/errors/cannot-enroll-before-start-date-error.ts
FN:3,cannotEnrollBeforeStartDateError
FNF:1
FNH:1
FNDA:6,cannotEnrollBeforeStartDateError
DA:3,8
DA:4,6
LF:2
LH:2
BRF:0
BRH:0
end_of_record
TN:
SF:src/errors/conflict-error.ts
FN:3,conflictError
FNF:1
FNH:0
FNDA:0,conflictError
DA:3,8
DA:4,0
LF:2
LH:1
BRF:0
BRH:0
end_of_record
TN:
SF:src/errors/index.ts
FNF:0
FNH:0
DA:1,8
DA:2,8
DA:3,8
DA:4,8
DA:5,8
DA:6,8
LF:6
LH:6
BRF:0
BRH:0
end_of_record
TN:
SF:src/errors/invalid-data-error.ts
FN:3,invalidDataError
FNF:1
FNH:1
FNDA:6,invalidDataError
DA:3,8
DA:4,6
LF:2
LH:2
BRF:0
BRH:0
end_of_record
TN:
SF:src/errors/invalid-email-error.ts
FN:3,invalidEmailError
FNF:1
FNH:0
FNDA:0,invalidEmailError
DA:3,8
DA:4,0
LF:2
LH:1
BRF:0
BRH:0
end_of_record
TN:
SF:src/errors/not-found-error.ts
FN:3,notFoundError
FNF:1
FNH:1
FNDA:3,notFoundError
DA:3,8
DA:4,3
LF:2
LH:2
BRF:0
BRH:0
end_of_record
TN:
SF:src/errors/unauthorized-error.ts
FN:3,unauthorizedError
FNF:1
FNH:1
FNDA:9,unauthorizedError
DA:3,8
DA:4,9
LF:2
LH:2
BRF:0
BRH:0
end_of_record
TN:
SF:src/middlewares/authentication-middleware.ts
FN:8,authenticateToken
FN:33,generateUnauthorizedResponse
FNF:2
FNH:2
FNDA:17,authenticateToken
FNDA:9,generateUnauthorizedResponse
DA:2,8
DA:3,8
DA:5,8
DA:6,8
DA:8,8
DA:9,17
DA:10,17
DA:12,14
DA:13,14
DA:15,14
DA:16,14
DA:18,11
DA:23,11
DA:25,8
DA:27,8
DA:29,3
DA:34,9
LF:17
LH:17
BRDA:10,0,0,3
BRDA:13,1,0,0
BRDA:23,2,0,3
BRF:3
BRH:2
end_of_record
TN:
SF:src/middlewares/error-handling-middleware.ts
FN:5,handleApplicationErrors
FNF:1
FNH:1
FNDA:9,handleApplicationErrors
DA:3,8
DA:5,8
DA:11,9
DA:12,3
DA:17,6
DA:18,1
DA:23,5
DA:24,2
DA:29,3
DA:30,3
DA:36,0
DA:37,0
LF:12
LH:10
BRDA:11,0,0,3
BRDA:17,1,0,1
BRDA:17,2,0,6
BRDA:17,2,1,6
BRDA:23,3,0,2
BRDA:29,4,0,3
BRF:6
BRH:6
end_of_record
TN:
SF:src/middlewares/index.ts
FNF:0
FNH:0
DA:1,8
DA:2,8
DA:3,8
LF:3
LH:3
BRF:0
BRH:0
end_of_record
TN:
SF:src/middlewares/validation-middleware.ts
FN:6,validateBody
FN:10,validateParams
FN:14,validate
FN:15,(anonymous_4)
FN:23,(anonymous_5)
FNF:5
FNH:4
FNDA:24,validateBody
FNDA:0,validateParams
FNDA:24,validate
FNDA:19,(anonymous_4)
FNDA:21,(anonymous_5)
DA:1,8
DA:3,8
DA:6,8
DA:7,24
DA:10,8
DA:11,0
DA:15,24
DA:16,19
DA:20,19
DA:21,13
DA:23,21
LF:11
LH:10
BRDA:20,0,0,13
BRDA:20,0,1,6
BRF:2
BRH:2
end_of_record
TN:
SF:src/repositories/address-repository/index.ts
FN:4,upsert
FNF:1
FNH:1
FNDA:2,upsert
DA:1,8
DA:5,2
DA:20,8
DA:24,8
LF:4
LH:4
BRF:0
BRH:0
end_of_record
TN:
SF:src/repositories/enrollment-repository/index.ts
FN:4,findWithAddressByUserId
FN:13,upsert
FNF:2
FNH:2
FNDA:2,findWithAddressByUserId
FNDA:2,upsert
DA:1,8
DA:5,2
DA:18,2
DA:30,8
DA:35,8
LF:5
LH:5
BRF:0
BRH:0
end_of_record
TN:
SF:src/repositories/event-repository/index.ts
FN:3,findFirst
FNF:1
FNH:1
FNDA:11,findFirst
DA:1,8
DA:4,11
DA:7,8
DA:11,8
LF:4
LH:4
BRF:0
BRH:0
end_of_record
TN:
SF:src/repositories/session-repository/index.ts
FN:4,create
FNF:1
FNH:1
FNDA:5,create
DA:1,8
DA:5,5
DA:10,8
DA:14,8
LF:4
LH:4
BRF:0
BRH:0
end_of_record
TN:
SF:src/repositories/ticket-repository/index.ts
FN:3,find
FNF:1
FNH:1
FNDA:2,find
DA:1,8
DA:4,2
DA:7,8
DA:11,8
LF:4
LH:4
BRF:0
BRH:0
end_of_record
TN:
SF:src/repositories/user-repository/index.ts
FN:4,findByEmail
FN:18,create
FNF:2
FNH:2
FNDA:12,findByEmail
FNDA:2,create
DA:1,8
DA:5,12
DA:11,12
DA:12,9
DA:15,12
DA:19,2
DA:24,8
DA:29,8
LF:8
LH:8
BRDA:11,0,0,9
BRF:1
BRH:1
end_of_record
TN:
SF:src/routers/authentication-router.ts
FNF:0
FNH:0
DA:1,8
DA:2,8
DA:3,8
DA:4,8
DA:6,8
DA:8,8
DA:10,8
LF:7
LH:7
BRF:0
BRH:0
end_of_record
TN:
SF:src/routers/enrollments-router.ts
FNF:0
FNH:0
DA:1,8
DA:2,8
DA:3,8
DA:4,8
DA:6,8
DA:8,8
DA:13,8
LF:7
LH:7
BRF:0
BRH:0
end_of_record
TN:
SF:src/routers/events-router.ts
FNF:0
FNH:0
DA:1,8
DA:2,8
DA:4,8
DA:6,8
DA:8,8
LF:5
LH:5
BRF:0
BRH:0
end_of_record
TN:
SF:src/routers/index.ts
FNF:0
FNH:0
DA:1,8
DA:2,8
DA:3,8
DA:4,8
DA:5,8
LF:5
LH:5
BRF:0
BRH:0
end_of_record
TN:
SF:src/routers/ticket-router.ts
FNF:0
FNH:0
DA:1,8
DA:2,8
DA:3,8
DA:5,8
DA:7,8
DA:9,8
LF:6
LH:6
BRF:0
BRH:0
end_of_record
TN:
SF:src/routers/users-router.ts
FNF:0
FNH:0
DA:1,8
DA:3,8
DA:4,8
DA:5,8
DA:7,8
DA:9,8
DA:11,8
LF:7
LH:7
BRF:0
BRH:0
end_of_record
TN:
SF:src/schemas/authentication-schemas.ts
FNF:0
FNH:0
DA:2,11
DA:4,11
LF:2
LH:2
BRF:0
BRH:0
end_of_record
TN:
SF:src/schemas/enrollments-schemas.ts
FN:23,(anonymous_1)
FN:30,joiCpfValidation
FN:40,JoiCepValidation
FN:50,joiMobilePhoneValidation
FNF:4
FNH:4
FNDA:297,(anonymous_1)
FNDA:28,joiCpfValidation
FNDA:18,JoiCepValidation
FNDA:22,joiMobilePhoneValidation
DA:2,11
DA:3,11
DA:5,11
DA:7,11
DA:9,11
DA:11,11
DA:23,297
DA:31,28
DA:33,28
DA:34,1
DA:37,27
DA:41,18
DA:43,18
DA:44,0
DA:47,18
DA:51,22
DA:53,22
DA:54,0
DA:57,22
LF:19
LH:17
BRDA:31,0,0,0
BRDA:33,1,0,1
BRDA:41,2,0,0
BRDA:43,3,0,0
BRDA:51,4,0,0
BRDA:53,5,0,0
BRF:6
BRH:1
end_of_record
TN:
SF:src/schemas/index.ts
FNF:0
FNH:0
DA:1,11
DA:2,11
DA:3,11
LF:3
LH:3
BRF:0
BRH:0
end_of_record
TN:
SF:src/schemas/users-schemas.ts
FNF:0
FNH:0
DA:2,11
DA:4,11
LF:2
LH:2
BRF:0
BRH:0
end_of_record
TN:
SF:src/services/authentication-service/errors.ts
FN:3,invalidCredentialsError
FNF:1
FNH:1
FNDA:6,invalidCredentialsError
DA:3,8
DA:4,6
LF:2
LH:2
BRF:0
BRH:0
end_of_record
TN:
SF:src/services/authentication-service/index.ts
FN:9,signIn
FN:24,getUserOrFail
FN:31,createSession
FN:41,validatePasswordOrFail
FNF:4
FNH:4
FNDA:9,signIn
FNDA:9,getUserOrFail
FNDA:5,createSession
FNDA:7,validatePasswordOrFail
DA:1,8
DA:2,8
DA:3,8
DA:5,8
DA:6,8
DA:7,8
DA:10,9
DA:12,9
DA:14,7
DA:16,5
DA:18,5
DA:25,9
DA:26,9
DA:28,7
DA:32,5
DA:33,5
DA:38,5
DA:42,7
DA:43,7
DA:55,8
DA:59,8
DA:60,8
LF:22
LH:22
BRDA:26,0,0,2
BRDA:43,1,0,2
BRF:2
BRH:2
end_of_record
TN:
SF:src/services/enrollments-service/index.ts
FN:7,getOneWithAddressByUserId
FN:23,getFirstAddress
FN:31,createOrUpdateEnrollmentWithAddress
FN:40,getAddressForUpsert
FNF:4
FNH:4
FNDA:2,getOneWithAddressByUserId
FNDA:1,getFirstAddress
FNDA:2,createOrUpdateEnrollmentWithAddress
FNDA:2,getAddressForUpsert
DA:1,8
DA:2,8
DA:3,8
DA:4,8
DA:8,2
DA:10,2
DA:12,1
DA:13,1
DA:15,1
DA:24,1
DA:26,1
DA:32,2
DA:33,2
DA:35,2
DA:37,2
DA:41,2
DA:51,8
DA:56,8
LF:18
LH:18
BRDA:10,0,0,1
BRDA:17,1,0,1
BRDA:17,1,1,1
BRDA:24,2,0,0
BRDA:43,3,0,2
BRDA:43,3,1,2
BRF:6
BRH:5
end_of_record
TN:
SF:src/services/events-service/index.ts
FN:7,getFirstEvent
FN:16,isCurrentEventActive
FNF:2
FNH:2
FNDA:2,getFirstEvent
FNDA:9,isCurrentEventActive
DA:1,8
DA:2,8
DA:3,8
DA:5,8
DA:8,2
DA:9,2
DA:11,1
DA:17,9
DA:18,9
DA:20,4
DA:21,4
DA:22,4
DA:24,4
DA:27,8
DA:32,8
LF:15
LH:15
BRDA:9,0,0,1
BRDA:18,1,0,5
BRDA:24,2,0,4
BRDA:24,2,1,3
BRF:4
BRH:4
end_of_record
TN:
SF:src/services/tickets-service/index.ts
FN:5,getTicketTypes
FNF:1
FNH:1
FNDA:2,getTicketTypes
DA:1,8
DA:2,8
DA:6,2
DA:7,2
DA:9,1
DA:12,8
DA:16,8
LF:7
LH:7
BRDA:7,0,0,1
BRF:1
BRH:1
end_of_record
TN:
SF:src/services/users-service/errors.ts
FN:3,duplicatedEmailError
FNF:1
FNH:1
FNDA:3,duplicatedEmailError
DA:3,8
DA:4,3
LF:2
LH:2
BRF:0
BRH:0
end_of_record
TN:
SF:src/services/users-service/index.ts
FN:8,createUser
FN:20,validateUniqueEmailOrFail
FN:27,canEnrollOrFail
FNF:3
FNH:3
FNDA:9,createUser
FNDA:3,validateUniqueEmailOrFail
FNDA:9,canEnrollOrFail
DA:1,8
DA:2,8
DA:4,8
DA:5,8
DA:6,8
DA:8,8
DA:9,9
DA:11,3
DA:13,2
DA:14,2
DA:21,3
DA:22,3
DA:23,1
DA:28,9
DA:29,9
DA:30,6
DA:36,8
DA:40,8
DA:41,8
LF:19
LH:19
BRDA:22,0,0,1
BRDA:29,1,0,6
BRF:2
BRH:2
end_of_record
TN:
SF:src/utils/prisma-utils.ts
FN:1,exclude
FNF:1
FNH:1
FNDA:12,exclude
DA:1,8
DA:2,12
DA:3,12
DA:4,18
DA:6,12
LF:5
LH:5
BRF:0
BRH:0
end_of_record
TN:
SF:tests/helpers.ts
FN:8,cleanDb
FN:17,generateValidToken
FNF:2
FNH:2
FNDA:7,cleanDb
FNDA:8,generateValidToken
DA:1,7
DA:4,7
DA:5,7
DA:6,7
DA:8,7
DA:9,7
DA:10,7
DA:11,7
DA:12,7
DA:13,7
DA:14,7
DA:17,7
DA:18,8
DA:19,8
DA:21,8
DA:23,8
LF:16
LH:16
BRDA:18,0,0,8
BRDA:18,0,1,6
BRF:2
BRH:2
end_of_record
TN:
SF:tests/factories/enrollments-factory.ts
FN:8,createEnrollmentWithAddress
FNF:1
FNH:1
FNDA:2,createEnrollmentWithAddress
DA:1,7
DA:2,7
DA:5,7
DA:6,7
DA:8,7
DA:9,2
DA:11,2
LF:7
LH:7
BRDA:9,0,0,2
BRDA:9,0,1,0
BRF:2
BRH:1
end_of_record
TN:
SF:tests/factories/events-factory.ts
FN:6,createEvent
FNF:1
FNH:1
FNDA:3,createEvent
DA:1,7
DA:2,7
DA:4,7
DA:6,7
DA:7,3
LF:5
LH:5
BRDA:6,0,0,2
BRDA:9,1,0,3
BRDA:9,1,1,3
BRDA:10,2,0,3
BRDA:10,2,1,3
BRDA:11,3,0,3
BRDA:11,3,1,3
BRDA:12,4,0,3
BRDA:12,4,1,2
BRDA:13,5,0,3
BRDA:13,5,1,3
BRF:11
BRH:11
end_of_record
TN:
SF:tests/factories/index.ts
FNF:0
FNH:0
DA:1,7
DA:2,7
DA:3,7
DA:4,7
LF:4
LH:4
BRF:0
BRH:0
end_of_record
TN:
SF:tests/factories/sessions-factory.ts
FN:5,createSession
FNF:1
FNH:1
FNDA:8,createSession
DA:2,7
DA:3,7
DA:5,7
DA:6,8
DA:8,8
LF:5
LH:5
BRF:0
BRH:0
end_of_record
TN:
SF:tests/factories/tickets-factory.ts
FN:4,createTicket
FNF:1
FNH:1
FNDA:1,createTicket
DA:2,1
DA:4,1
DA:5,1
LF:3
LH:3
BRF:0
BRH:0
end_of_record
TN:
SF:tests/factories/users-factory.ts
FN:6,createUser
FNF:1
FNH:1
FNDA:28,createUser
DA:1,7
DA:2,7
DA:4,7
DA:6,7
DA:7,28
DA:8,28
DA:10,28
LF:7
LH:7
BRDA:6,0,0,20
BRDA:7,1,0,28
BRDA:7,1,1,20
BRDA:12,2,0,28
BRDA:12,2,1,20
BRF:5
BRH:5
end_of_record
