TN:
SF:src/app.ts
FN:25,(anonymous_1)
FN:35,init
FN:40,close
FNF:3
FNH:2
FNDA:1,(anonymous_1)
FNDA:10,init
FNDA:0,close
DA:1,10
DA:2,10
DA:3,10
DA:4,10
DA:6,10
DA:8,10
DA:10,10
DA:11,10
DA:21,10
DA:22,10
DA:25,1
DA:35,10
DA:36,10
DA:37,10
DA:40,10
DA:41,0
DA:44,10
LF:17
LH:16
BRF:0
BRH:0
end_of_record
TN:
SF:src/config/database.ts
FN:4,connectDb
FN:8,disconnectDB
FNF:2
FNH:1
FNDA:10,connectDb
FNDA:0,disconnectDB
DA:1,13
DA:4,13
DA:5,10
DA:8,13
DA:9,0
LF:5
LH:4
BRF:0
BRH:0
end_of_record
TN:
SF:src/config/envs.ts
FN:4,loadEnv
FNF:1
FNH:1
FNDA:23,loadEnv
DA:1,13
DA:2,13
DA:4,13
DA:6,23
DA:12,23
DA:13,23
LF:6
LH:6
BRDA:6,0,0,23
BRDA:6,0,1,0
BRDA:8,1,0,0
BRDA:8,1,1,0
BRF:4
BRH:1
end_of_record
TN:
SF:src/config/index.ts
FNF:0
FNH:0
DA:1,13
DA:2,13
LF:2
LH:2
BRF:0
BRH:0
end_of_record
TN:
SF:src/controllers/accomodation-controller.ts
FN:5,getAccomodationTypes
FNF:1
FNH:1
FNDA:2,getAccomodationTypes
DA:1,10
DA:3,10
DA:5,10
DA:6,2
DA:8,1
LF:5
LH:5
BRF:0
BRH:0
end_of_record
TN:
SF:src/controllers/authentication-controller.ts
FN:5,singInPost
FNF:1
FNH:1
FNDA:5,singInPost
DA:1,10
DA:3,10
DA:5,10
DA:6,5
DA:8,5
DA:10,3
LF:6
LH:6
BRF:0
BRH:0
end_of_record
TN:
SF:src/controllers/enrollments-controller.ts
FN:6,getEnrollmentByUser
FN:14,postCreateOrUpdateEnrollment
FNF:2
FNH:2
FNDA:2,getEnrollmentByUser
FNDA:2,postCreateOrUpdateEnrollment
DA:2,10
DA:4,10
DA:6,10
DA:7,2
DA:9,2
DA:11,1
DA:14,10
DA:15,2
DA:20,2
LF:9
LH:9
BRF:0
BRH:0
end_of_record
TN:
SF:src/controllers/events-controller.ts
FN:5,getDefaultEvent
FNF:1
FNH:1
FNDA:2,getDefaultEvent
DA:1,10
DA:3,10
DA:5,10
DA:6,2
DA:8,1
LF:5
LH:5
BRF:0
BRH:0
end_of_record
TN:
SF:src/controllers/index.ts
FNF:0
FNH:0
DA:1,10
DA:2,10
DA:3,10
DA:4,10
DA:5,10
DA:6,10
DA:7,10
LF:7
LH:7
BRF:0
BRH:0
end_of_record
TN:
SF:src/controllers/orders-controller.ts
FN:9,createOrUpdate
FN:17,getByUserId
FN:23,updatePayment
FNF:3
FNH:2
FNDA:0,createOrUpdate
FNDA:2,getByUserId
FNDA:2,updatePayment
DA:2,10
DA:4,10
DA:9,10
DA:10,0
DA:12,0
DA:14,0
DA:17,10
DA:18,2
DA:20,1
DA:23,10
DA:24,2
DA:28,1
LF:12
LH:9
BRF:0
BRH:0
end_of_record
TN:
SF:src/controllers/tickets-controller.ts
FN:5,getTicketTypes
FNF:1
FNH:1
FNDA:2,getTicketTypes
DA:1,10
DA:3,10
DA:5,10
DA:6,2
DA:8,1
LF:5
LH:5
BRF:0
BRH:0
end_of_record
TN:
SF:src/controllers/users-controller.ts
FN:5,usersPost
FNF:1
FNH:1
FNDA:6,usersPost
DA:1,10
DA:3,10
DA:5,10
DA:6,6
DA:8,6
DA:9,3
LF:6
LH:6
BRF:0
BRH:0
end_of_record
TN:
SF:src/errors/cannot-enroll-before-start-date-error.ts
FN:3,cannotEnrollBeforeStartDateError
FNF:1
FNH:1
FNDA:5,cannotEnrollBeforeStartDateError
DA:3,10
DA:4,5
LF:2
LH:2
BRF:0
BRH:0
end_of_record
TN:
SF:src/errors/conflict-error.ts
FN:3,conflictError
FNF:1
FNH:0
FNDA:0,conflictError
DA:3,10
DA:4,0
LF:2
LH:1
BRF:0
BRH:0
end_of_record
TN:
SF:src/errors/index.ts
FNF:0
FNH:0
DA:1,10
DA:2,10
DA:3,10
DA:4,10
DA:5,10
DA:6,10
LF:6
LH:6
BRF:0
BRH:0
end_of_record
TN:
SF:src/errors/invalid-data-error.ts
FN:3,invalidDataError
FNF:1
FNH:1
FNDA:6,invalidDataError
DA:3,10
DA:4,6
LF:2
LH:2
BRF:0
BRH:0
end_of_record
TN:
SF:src/errors/invalid-email-error.ts
FN:3,invalidEmailError
FNF:1
FNH:0
FNDA:0,invalidEmailError
DA:3,10
DA:4,0
LF:2
LH:1
BRF:0
BRH:0
end_of_record
TN:
SF:src/errors/not-found-error.ts
FN:3,notFoundError
FNF:1
FNH:1
FNDA:6,notFoundError
DA:3,10
DA:4,6
LF:2
LH:2
BRF:0
BRH:0
end_of_record
TN:
SF:src/errors/unauthorized-error.ts
FN:3,unauthorizedError
FNF:1
FNH:1
FNDA:18,unauthorizedError
DA:3,10
DA:4,18
LF:2
LH:2
BRF:0
BRH:0
end_of_record
TN:
SF:src/middlewares/authentication-middleware.ts
FN:8,authenticateToken
FN:33,generateUnauthorizedResponse
FNF:2
FNH:2
FNDA:32,authenticateToken
FNDA:18,generateUnauthorizedResponse
DA:2,10
DA:3,10
DA:5,10
DA:6,10
DA:8,10
DA:9,32
DA:10,32
DA:12,26
DA:13,26
DA:15,26
DA:16,26
DA:18,20
DA:23,20
DA:25,14
DA:27,14
DA:29,6
DA:34,18
LF:17
LH:17
BRDA:10,0,0,6
BRDA:13,1,0,0
BRDA:23,2,0,6
BRF:3
BRH:2
end_of_record
TN:
SF:src/middlewares/error-handling-middleware.ts
FN:5,handleApplicationErrors
FNF:1
FNH:1
FNDA:11,handleApplicationErrors
DA:3,10
DA:5,10
DA:11,11
DA:12,2
DA:17,9
DA:18,1
DA:23,8
DA:24,2
DA:29,6
DA:30,6
DA:36,0
DA:37,0
LF:12
LH:10
BRDA:11,0,0,2
BRDA:17,1,0,1
BRDA:17,2,0,9
BRDA:17,2,1,9
BRDA:23,3,0,2
BRDA:29,4,0,6
BRF:6
BRH:6
end_of_record
TN:
SF:src/middlewares/index.ts
FNF:0
FNH:0
DA:1,10
DA:2,10
DA:3,10
LF:3
LH:3
BRF:0
BRH:0
end_of_record
TN:
SF:src/middlewares/validation-middleware.ts
FN:6,validateBody
FN:10,validateParams
FN:14,validate
FN:15,(anonymous_4)
FN:23,(anonymous_5)
FNF:5
FNH:4
FNDA:40,validateBody
FNDA:0,validateParams
FNDA:40,validate
FNDA:19,(anonymous_4)
FNDA:21,(anonymous_5)
DA:1,10
DA:3,10
DA:6,10
DA:7,40
DA:10,10
DA:11,0
DA:15,40
DA:16,19
DA:20,19
DA:21,13
DA:23,21
LF:11
LH:10
BRDA:20,0,0,13
BRDA:20,0,1,6
BRF:2
BRH:2
end_of_record
TN:
SF:src/repositories/accomodation-repository/index.ts
FN:3,findAll
FNF:1
FNH:1
FNDA:2,findAll
DA:1,10
DA:4,2
DA:7,10
DA:11,10
LF:4
LH:4
BRF:0
BRH:0
end_of_record
TN:
SF:src/repositories/address-repository/index.ts
FN:4,upsert
FNF:1
FNH:1
FNDA:2,upsert
DA:1,10
DA:5,2
DA:20,10
DA:24,10
LF:4
LH:4
BRF:0
BRH:0
end_of_record
TN:
SF:src/repositories/enrollment-repository/index.ts
FN:4,findWithAddressByUserId
FN:13,upsert
FNF:2
FNH:2
FNDA:2,findWithAddressByUserId
FNDA:2,upsert
DA:1,10
DA:5,2
DA:18,2
DA:30,10
DA:35,10
LF:5
LH:5
BRF:0
BRH:0
end_of_record
TN:
SF:src/repositories/event-repository/index.ts
FN:3,findFirst
FNF:1
FNH:1
FNDA:11,findFirst
DA:1,10
DA:4,11
DA:7,10
DA:11,10
LF:4
LH:4
BRF:0
BRH:0
end_of_record
TN:
SF:src/repositories/order-repository/index.ts
FN:6,updatePayment
FN:13,createOrUpdate
FN:21,getByUserId
FNF:3
FNH:2
FNDA:1,updatePayment
FNDA:0,createOrUpdate
FNDA:4,getByUserId
DA:1,10
DA:7,1
DA:14,0
DA:22,4
DA:27,10
DA:33,10
LF:6
LH:5
BRF:0
BRH:0
end_of_record
TN:
SF:src/repositories/session-repository/index.ts
FN:4,create
FNF:1
FNH:1
FNDA:5,create
DA:1,10
DA:5,5
DA:10,10
DA:14,10
LF:4
LH:4
BRF:0
BRH:0
end_of_record
TN:
SF:src/repositories/ticket-repository/index.ts
FN:3,find
FNF:1
FNH:1
FNDA:2,find
DA:1,10
DA:4,2
DA:7,10
DA:11,10
LF:4
LH:4
BRF:0
BRH:0
end_of_record
TN:
SF:src/repositories/user-repository/index.ts
FN:4,findByEmail
FN:18,create
FNF:2
FNH:2
FNDA:13,findByEmail
FNDA:3,create
DA:1,10
DA:5,13
DA:11,13
DA:12,9
DA:15,13
DA:19,3
DA:24,10
DA:29,10
LF:8
LH:8
BRDA:11,0,0,9
BRF:1
BRH:1
end_of_record
TN:
SF:src/routers/accomodation-router.ts
FNF:0
FNH:0
DA:1,10
DA:2,10
DA:3,10
DA:5,10
DA:7,10
DA:9,10
LF:6
LH:6
BRF:0
BRH:0
end_of_record
TN:
SF:src/routers/authentication-router.ts
FNF:0
FNH:0
DA:1,10
DA:2,10
DA:3,10
DA:4,10
DA:6,10
DA:8,10
DA:10,10
LF:7
LH:7
BRF:0
BRH:0
end_of_record
TN:
SF:src/routers/enrollments-router.ts
FNF:0
FNH:0
DA:1,10
DA:2,10
DA:3,10
DA:4,10
DA:6,10
DA:8,10
DA:13,10
LF:7
LH:7
BRF:0
BRH:0
end_of_record
TN:
SF:src/routers/events-router.ts
FNF:0
FNH:0
DA:1,10
DA:2,10
DA:4,10
DA:6,10
DA:8,10
LF:5
LH:5
BRF:0
BRH:0
end_of_record
TN:
SF:src/routers/index.ts
FNF:0
FNH:0
DA:1,10
DA:2,10
DA:3,10
DA:4,10
DA:5,10
DA:6,10
DA:7,10
LF:7
LH:7
BRF:0
BRH:0
end_of_record
TN:
SF:src/routers/order-router.ts
FNF:0
FNH:0
DA:1,10
DA:2,10
DA:3,10
DA:4,10
DA:6,10
DA:8,10
DA:14,10
LF:7
LH:7
BRF:0
BRH:0
end_of_record
TN:
SF:src/routers/ticket-router.ts
FNF:0
FNH:0
DA:1,10
DA:2,10
DA:3,10
DA:5,10
DA:7,10
DA:9,10
LF:6
LH:6
BRF:0
BRH:0
end_of_record
TN:
SF:src/routers/users-router.ts
FNF:0
FNH:0
DA:1,10
DA:3,10
DA:4,10
DA:5,10
DA:7,10
DA:9,10
DA:11,10
LF:7
LH:7
BRF:0
BRH:0
end_of_record
TN:
SF:src/schemas/authentication-schemas.ts
FNF:0
FNH:0
DA:2,13
DA:4,13
LF:2
LH:2
BRF:0
BRH:0
end_of_record
TN:
SF:src/schemas/enrollments-schemas.ts
FN:23,(anonymous_1)
FN:30,joiCpfValidation
FN:40,JoiCepValidation
FN:50,joiMobilePhoneValidation
FNF:4
FNH:4
FNDA:351,(anonymous_1)
FNDA:28,joiCpfValidation
FNDA:18,JoiCepValidation
FNDA:22,joiMobilePhoneValidation
DA:2,13
DA:3,13
DA:5,13
DA:7,13
DA:9,13
DA:11,13
DA:23,351
DA:31,28
DA:33,28
DA:34,1
DA:37,27
DA:41,18
DA:43,18
DA:44,0
DA:47,18
DA:51,22
DA:53,22
DA:54,0
DA:57,22
LF:19
LH:17
BRDA:31,0,0,0
BRDA:33,1,0,1
BRDA:41,2,0,0
BRDA:43,3,0,0
BRDA:51,4,0,0
BRDA:53,5,0,0
BRF:6
BRH:1
end_of_record
TN:
SF:src/schemas/index.ts
FNF:0
FNH:0
DA:1,13
DA:2,13
DA:3,13
LF:3
LH:3
BRF:0
BRH:0
end_of_record
TN:
SF:src/schemas/orders-schemas.ts
FNF:0
FNH:0
DA:2,10
DA:6,10
LF:2
LH:2
BRF:0
BRH:0
end_of_record
TN:
SF:src/schemas/users-schemas.ts
FNF:0
FNH:0
DA:2,13
DA:4,13
LF:2
LH:2
BRF:0
BRH:0
end_of_record
TN:
SF:src/services/accomodation-service/index.ts
FN:4,findAll
FNF:1
FNH:1
FNDA:2,findAll
DA:1,10
DA:2,10
DA:5,2
DA:6,2
DA:7,1
DA:10,10
DA:11,10
LF:7
LH:7
BRDA:6,0,0,1
BRF:1
BRH:1
end_of_record
TN:
SF:src/services/authentication-service/errors.ts
FN:3,invalidCredentialsError
FNF:1
FNH:1
FNDA:6,invalidCredentialsError
DA:3,10
DA:4,6
LF:2
LH:2
BRF:0
BRH:0
end_of_record
TN:
SF:src/services/authentication-service/index.ts
FN:9,signIn
FN:24,getUserOrFail
FN:31,createSession
FN:41,validatePasswordOrFail
FNF:4
FNH:4
FNDA:9,signIn
FNDA:9,getUserOrFail
FNDA:5,createSession
FNDA:7,validatePasswordOrFail
DA:1,10
DA:2,10
DA:3,10
DA:5,10
DA:6,10
DA:7,10
DA:10,9
DA:12,9
DA:14,7
DA:16,5
DA:18,5
DA:25,9
DA:26,9
DA:28,7
DA:32,5
DA:33,5
DA:38,5
DA:42,7
DA:43,7
DA:55,10
DA:59,10
DA:60,10
LF:22
LH:22
BRDA:26,0,0,2
BRDA:43,1,0,2
BRF:2
BRH:2
end_of_record
TN:
SF:src/services/enrollments-service/index.ts
FN:7,getOneWithAddressByUserId
FN:23,getFirstAddress
FN:31,createOrUpdateEnrollmentWithAddress
FN:40,getAddressForUpsert
FNF:4
FNH:4
FNDA:2,getOneWithAddressByUserId
FNDA:1,getFirstAddress
FNDA:2,createOrUpdateEnrollmentWithAddress
FNDA:2,getAddressForUpsert
DA:1,10
DA:2,10
DA:3,10
DA:4,10
DA:8,2
DA:10,2
DA:12,1
DA:13,1
DA:15,1
DA:24,1
DA:26,1
DA:32,2
DA:33,2
DA:35,2
DA:37,2
DA:41,2
DA:51,10
DA:56,10
LF:18
LH:18
BRDA:10,0,0,1
BRDA:17,1,0,1
BRDA:17,1,1,1
BRDA:24,2,0,0
BRDA:43,3,0,2
BRDA:43,3,1,2
BRF:6
BRH:5
end_of_record
TN:
SF:src/services/events-service/index.ts
FN:7,getFirstEvent
FN:16,isCurrentEventActive
FNF:2
FNH:2
FNDA:2,getFirstEvent
FNDA:9,isCurrentEventActive
DA:1,10
DA:2,10
DA:3,10
DA:5,10
DA:8,2
DA:9,2
DA:11,1
DA:17,9
DA:18,9
DA:20,5
DA:21,5
DA:22,5
DA:24,5
DA:27,10
DA:32,10
LF:15
LH:15
BRDA:9,0,0,1
BRDA:18,1,0,4
BRDA:24,2,0,5
BRDA:24,2,1,4
BRF:4
BRH:4
end_of_record
TN:
SF:src/services/orders-service/index.ts
FN:8,updatePayment
FN:18,getByUserId
FN:26,createOrUpdate
FNF:3
FNH:2
FNDA:2,updatePayment
FNDA:2,getByUserId
FNDA:0,createOrUpdate
DA:1,10
DA:2,10
DA:9,2
DA:11,2
DA:13,1
DA:15,1
DA:19,2
DA:21,2
DA:23,1
DA:27,0
DA:29,0
DA:31,10
DA:37,10
LF:13
LH:11
BRDA:11,0,0,1
BRDA:21,1,0,1
BRF:2
BRH:2
end_of_record
TN:
SF:src/services/tickets-service/index.ts
FN:5,getTicketTypes
FNF:1
FNH:1
FNDA:2,getTicketTypes
DA:1,10
DA:2,10
DA:6,2
DA:7,2
DA:9,1
DA:12,10
DA:16,10
LF:7
LH:7
BRDA:7,0,0,1
BRF:1
BRH:1
end_of_record
TN:
SF:src/services/users-service/errors.ts
FN:3,duplicatedEmailError
FNF:1
FNH:1
FNDA:3,duplicatedEmailError
DA:3,10
DA:4,3
LF:2
LH:2
BRF:0
BRH:0
end_of_record
TN:
SF:src/services/users-service/index.ts
FN:8,createUser
FN:20,validateUniqueEmailOrFail
FN:27,canEnrollOrFail
FNF:3
FNH:3
FNDA:9,createUser
FNDA:4,validateUniqueEmailOrFail
FNDA:9,canEnrollOrFail
DA:1,10
DA:2,10
DA:4,10
DA:5,10
DA:6,10
DA:8,10
DA:9,9
DA:11,4
DA:13,3
DA:14,3
DA:21,4
DA:22,4
DA:23,1
DA:28,9
DA:29,9
DA:30,5
DA:36,10
DA:40,10
DA:41,10
LF:19
LH:19
BRDA:22,0,0,1
BRDA:29,1,0,5
BRF:2
BRH:2
end_of_record
TN:
SF:src/utils/prisma-utils.ts
FN:1,exclude
FNF:1
FNH:1
FNDA:12,exclude
DA:1,10
DA:2,12
DA:3,12
DA:4,18
DA:6,12
LF:5
LH:5
BRF:0
BRH:0
end_of_record
TN:
SF:tests/helpers.ts
FN:8,cleanDb
FN:19,generateValidToken
FNF:2
FNH:2
FNDA:9,cleanDb
FNDA:14,generateValidToken
DA:1,9
DA:4,9
DA:5,9
DA:6,9
DA:8,9
DA:9,9
DA:10,9
DA:11,9
DA:12,9
DA:13,9
DA:14,9
DA:15,9
DA:16,9
DA:19,9
DA:20,14
DA:21,14
DA:23,14
DA:24,14
LF:18
LH:18
BRDA:20,0,0,14
BRDA:20,0,1,10
BRF:2
BRH:2
end_of_record
TN:
SF:tests/factories/accomodations-factory.ts
FN:5,createAccomodation
FNF:1
FNH:1
FNDA:3,createAccomodation
DA:2,2
DA:3,2
DA:5,2
DA:6,3
LF:4
LH:4
BRF:0
BRH:0
end_of_record
TN:
SF:tests/factories/enrollments-factory.ts
FN:8,createEnrollmentWithAddress
FNF:1
FNH:1
FNDA:2,createEnrollmentWithAddress
DA:1,9
DA:2,9
DA:5,9
DA:6,9
DA:8,9
DA:9,2
DA:11,2
LF:7
LH:7
BRDA:9,0,0,2
BRDA:9,0,1,0
BRF:2
BRH:1
end_of_record
TN:
SF:tests/factories/events-factory.ts
FN:6,createEvent
FNF:1
FNH:1
FNDA:3,createEvent
DA:1,9
DA:2,9
DA:4,9
DA:6,9
DA:7,3
LF:5
LH:5
BRDA:6,0,0,2
BRDA:9,1,0,3
BRDA:9,1,1,3
BRDA:10,2,0,3
BRDA:10,2,1,3
BRDA:11,3,0,3
BRDA:11,3,1,3
BRDA:12,4,0,3
BRDA:12,4,1,2
BRDA:13,5,0,3
BRDA:13,5,1,3
BRF:11
BRH:11
end_of_record
TN:
SF:tests/factories/index.ts
FNF:0
FNH:0
DA:1,9
DA:2,9
DA:3,9
DA:4,9
LF:4
LH:4
BRF:0
BRH:0
end_of_record
TN:
SF:tests/factories/orders-factory.ts
FN:6,createOrder
FNF:1
FNH:1
FNDA:2,createOrder
DA:2,1
DA:6,1
DA:7,2
LF:3
LH:3
BRF:0
BRH:0
end_of_record
TN:
SF:tests/factories/sessions-factory.ts
FN:5,createSession
FNF:1
FNH:1
FNDA:14,createSession
DA:2,9
DA:3,9
DA:5,9
DA:6,14
DA:8,14
LF:5
LH:5
BRDA:6,0,0,14
BRDA:6,0,1,10
BRF:2
BRH:2
end_of_record
TN:
SF:tests/factories/tickets-factory.ts
FN:5,createTicket
FNF:1
FNH:1
FNDA:3,createTicket
DA:2,2
DA:3,2
DA:5,2
DA:6,3
LF:4
LH:4
BRF:0
BRH:0
end_of_record
TN:
SF:tests/factories/users-factory.ts
FN:6,createUser
FNF:1
FNH:1
FNDA:39,createUser
DA:1,9
DA:2,9
DA:4,9
DA:6,9
DA:7,39
DA:8,39
DA:10,39
LF:7
LH:7
BRDA:6,0,0,29
BRDA:7,1,0,39
BRDA:7,1,1,29
BRDA:12,2,0,39
BRDA:12,2,1,31
BRF:5
BRH:5
end_of_record
